[0.025s] Invoking command in '/home/MAPR-project/ros2_ws/build/ur_bringup': AMENT_PREFIX_PATH=/home/MAPR-project/ros2_ws/install/ur_controllers:/home/MAPR-project/ros2_ws/install/ur_description:${AMENT_PREFIX_PATH} CMAKE_PREFIX_PATH=/home/MAPR-project/ros2_ws/install/ur_controllers:/home/MAPR-project/ros2_ws/install/ur_description:/home/MAPR-project/ros2_ws/install/ur_dashboard_msgs:/home/MAPR-project/ros2_ws/install/ur_moveit_config:/opt/ros/humble LD_LIBRARY_PATH=/home/MAPR-project/ros2_ws/install/ur_controllers/lib:${LD_LIBRARY_PATH} /usr/bin/cmake /home/MAPR-project/ros2_ws/src/Universal_Robots_ROS2_Driver/ur_bringup -DCMAKE_BUILD_TYPE=Release -DCMAKE_INSTALL_PREFIX=/home/MAPR-project/ros2_ws/install/ur_bringup
[0.105s] -- The C compiler identification is GNU 11.3.0
[0.179s] -- The CXX compiler identification is GNU 11.3.0
[0.187s] -- Detecting C compiler ABI info
[0.277s] -- Detecting C compiler ABI info - done
[0.291s] -- Check for working C compiler: /usr/bin/cc - skipped
[0.292s] -- Detecting C compile features
[0.292s] -- Detecting C compile features - done
[0.298s] -- Detecting CXX compiler ABI info
[0.398s] -- Detecting CXX compiler ABI info - done
[0.412s] -- Check for working CXX compiler: /usr/bin/c++ - skipped
[0.412s] -- Detecting CXX compile features
[0.413s] -- Detecting CXX compile features - done
[0.421s] -- Found ament_cmake: 1.3.3 (/opt/ros/humble/share/ament_cmake/cmake)
[0.656s] -- Found Python3: /usr/bin/python3.10 (found version "3.10.6") found components: Interpreter 
[0.881s] -- Configuring done
[0.886s] -- Generating done
[0.888s] -- Build files have been written to: /home/MAPR-project/ros2_ws/build/ur_bringup
[0.894s] Invoked command in '/home/MAPR-project/ros2_ws/build/ur_bringup' returned '0': AMENT_PREFIX_PATH=/home/MAPR-project/ros2_ws/install/ur_controllers:/home/MAPR-project/ros2_ws/install/ur_description:${AMENT_PREFIX_PATH} CMAKE_PREFIX_PATH=/home/MAPR-project/ros2_ws/install/ur_controllers:/home/MAPR-project/ros2_ws/install/ur_description:/home/MAPR-project/ros2_ws/install/ur_dashboard_msgs:/home/MAPR-project/ros2_ws/install/ur_moveit_config:/opt/ros/humble LD_LIBRARY_PATH=/home/MAPR-project/ros2_ws/install/ur_controllers/lib:${LD_LIBRARY_PATH} /usr/bin/cmake /home/MAPR-project/ros2_ws/src/Universal_Robots_ROS2_Driver/ur_bringup -DCMAKE_BUILD_TYPE=Release -DCMAKE_INSTALL_PREFIX=/home/MAPR-project/ros2_ws/install/ur_bringup
[0.896s] Invoking command in '/home/MAPR-project/ros2_ws/build/ur_bringup': AMENT_PREFIX_PATH=/home/MAPR-project/ros2_ws/install/ur_controllers:/home/MAPR-project/ros2_ws/install/ur_description:${AMENT_PREFIX_PATH} CMAKE_PREFIX_PATH=/home/MAPR-project/ros2_ws/install/ur_controllers:/home/MAPR-project/ros2_ws/install/ur_description:/home/MAPR-project/ros2_ws/install/ur_dashboard_msgs:/home/MAPR-project/ros2_ws/install/ur_moveit_config:/opt/ros/humble LD_LIBRARY_PATH=/home/MAPR-project/ros2_ws/install/ur_controllers/lib:${LD_LIBRARY_PATH} /usr/bin/cmake --build /home/MAPR-project/ros2_ws/build/ur_bringup -- -j8 -l8
[0.949s] Invoked command in '/home/MAPR-project/ros2_ws/build/ur_bringup' returned '0': AMENT_PREFIX_PATH=/home/MAPR-project/ros2_ws/install/ur_controllers:/home/MAPR-project/ros2_ws/install/ur_description:${AMENT_PREFIX_PATH} CMAKE_PREFIX_PATH=/home/MAPR-project/ros2_ws/install/ur_controllers:/home/MAPR-project/ros2_ws/install/ur_description:/home/MAPR-project/ros2_ws/install/ur_dashboard_msgs:/home/MAPR-project/ros2_ws/install/ur_moveit_config:/opt/ros/humble LD_LIBRARY_PATH=/home/MAPR-project/ros2_ws/install/ur_controllers/lib:${LD_LIBRARY_PATH} /usr/bin/cmake --build /home/MAPR-project/ros2_ws/build/ur_bringup -- -j8 -l8
[0.976s] Invoking command in '/home/MAPR-project/ros2_ws/build/ur_bringup': AMENT_PREFIX_PATH=/home/MAPR-project/ros2_ws/install/ur_controllers:/home/MAPR-project/ros2_ws/install/ur_description:${AMENT_PREFIX_PATH} CMAKE_PREFIX_PATH=/home/MAPR-project/ros2_ws/install/ur_controllers:/home/MAPR-project/ros2_ws/install/ur_description:/home/MAPR-project/ros2_ws/install/ur_dashboard_msgs:/home/MAPR-project/ros2_ws/install/ur_moveit_config:/opt/ros/humble LD_LIBRARY_PATH=/home/MAPR-project/ros2_ws/install/ur_controllers/lib:${LD_LIBRARY_PATH} /usr/bin/cmake --install /home/MAPR-project/ros2_ws/build/ur_bringup
[0.985s] -- Install configuration: "Release"
[0.985s] -- Installing: /home/MAPR-project/ros2_ws/install/ur_bringup/share/ur_bringup/config
[0.985s] -- Installing: /home/MAPR-project/ros2_ws/install/ur_bringup/share/ur_bringup/config/test_goal_publishers_config.yaml
[0.985s] -- Installing: /home/MAPR-project/ros2_ws/install/ur_bringup/share/ur_bringup/config/ur5e_update_rate.yaml
[0.985s] -- Installing: /home/MAPR-project/ros2_ws/install/ur_bringup/share/ur_bringup/config/ur3_update_rate.yaml
[0.985s] -- Installing: /home/MAPR-project/ros2_ws/install/ur_bringup/share/ur_bringup/config/ur10e_update_rate.yaml
[0.986s] -- Installing: /home/MAPR-project/ros2_ws/install/ur_bringup/share/ur_bringup/config/ur5_update_rate.yaml
[0.986s] -- Installing: /home/MAPR-project/ros2_ws/install/ur_bringup/share/ur_bringup/config/ur10_update_rate.yaml
[0.986s] -- Installing: /home/MAPR-project/ros2_ws/install/ur_bringup/share/ur_bringup/config/test_velocity_goal_publishers_config.yaml
[0.986s] -- Installing: /home/MAPR-project/ros2_ws/install/ur_bringup/share/ur_bringup/config/ur16e_update_rate.yaml
[0.986s] -- Installing: /home/MAPR-project/ros2_ws/install/ur_bringup/share/ur_bringup/config/ur3e_update_rate.yaml
[0.986s] -- Installing: /home/MAPR-project/ros2_ws/install/ur_bringup/share/ur_bringup/config/ur_controllers.yaml
[0.986s] -- Installing: /home/MAPR-project/ros2_ws/install/ur_bringup/share/ur_bringup/launch
[0.987s] -- Installing: /home/MAPR-project/ros2_ws/install/ur_bringup/share/ur_bringup/launch/test_joint_trajectory_controller.launch.py
[0.987s] -- Installing: /home/MAPR-project/ros2_ws/install/ur_bringup/share/ur_bringup/launch/ur5e.launch.py
[0.987s] -- Installing: /home/MAPR-project/ros2_ws/install/ur_bringup/share/ur_bringup/launch/test_scaled_joint_trajectory_controller.launch.py
[0.987s] -- Installing: /home/MAPR-project/ros2_ws/install/ur_bringup/share/ur_bringup/launch/ur3e.launch.py
[0.987s] -- Installing: /home/MAPR-project/ros2_ws/install/ur_bringup/share/ur_bringup/launch/ur10e.launch.py
[0.988s] -- Installing: /home/MAPR-project/ros2_ws/install/ur_bringup/share/ur_bringup/launch/ur16e.launch.py
[0.988s] -- Installing: /home/MAPR-project/ros2_ws/install/ur_bringup/share/ur_bringup/launch/ur10.launch.py
[0.988s] -- Installing: /home/MAPR-project/ros2_ws/install/ur_bringup/share/ur_bringup/launch/ur5.launch.py
[0.988s] -- Installing: /home/MAPR-project/ros2_ws/install/ur_bringup/share/ur_bringup/launch/ur3.launch.py
[0.988s] -- Installing: /home/MAPR-project/ros2_ws/install/ur_bringup/share/ur_bringup/launch/ur_dashboard_client.launch.py
[0.988s] -- Installing: /home/MAPR-project/ros2_ws/install/ur_bringup/share/ur_bringup/launch/ur_control.launch.py
[0.989s] -- Installing: /home/MAPR-project/ros2_ws/install/ur_bringup/share/ur_bringup/launch/test_forward_velocity_controller.launch.py
[0.989s] -- Installing: /home/MAPR-project/ros2_ws/install/ur_bringup/lib/ur_bringup/start_ursim.sh
[0.989s] -- Installing: /home/MAPR-project/ros2_ws/install/ur_bringup/share/ament_index/resource_index/package_run_dependencies/ur_bringup
[0.990s] -- Installing: /home/MAPR-project/ros2_ws/install/ur_bringup/share/ament_index/resource_index/parent_prefix_path/ur_bringup
[0.990s] -- Installing: /home/MAPR-project/ros2_ws/install/ur_bringup/share/ur_bringup/environment/ament_prefix_path.sh
[0.990s] -- Installing: /home/MAPR-project/ros2_ws/install/ur_bringup/share/ur_bringup/environment/ament_prefix_path.dsv
[0.990s] -- Installing: /home/MAPR-project/ros2_ws/install/ur_bringup/share/ur_bringup/environment/path.sh
[0.991s] -- Installing: /home/MAPR-project/ros2_ws/install/ur_bringup/share/ur_bringup/environment/path.dsv
[0.991s] -- Installing: /home/MAPR-project/ros2_ws/install/ur_bringup/share/ur_bringup/local_setup.bash
[0.991s] -- Installing: /home/MAPR-project/ros2_ws/install/ur_bringup/share/ur_bringup/local_setup.sh
[0.991s] -- Installing: /home/MAPR-project/ros2_ws/install/ur_bringup/share/ur_bringup/local_setup.zsh
[0.991s] -- Installing: /home/MAPR-project/ros2_ws/install/ur_bringup/share/ur_bringup/local_setup.dsv
[0.992s] -- Installing: /home/MAPR-project/ros2_ws/install/ur_bringup/share/ur_bringup/package.dsv
[0.992s] -- Installing: /home/MAPR-project/ros2_ws/install/ur_bringup/share/ament_index/resource_index/packages/ur_bringup
[0.992s] -- Installing: /home/MAPR-project/ros2_ws/install/ur_bringup/share/ur_bringup/cmake/ur_bringupConfig.cmake
[0.992s] -- Installing: /home/MAPR-project/ros2_ws/install/ur_bringup/share/ur_bringup/cmake/ur_bringupConfig-version.cmake
[0.992s] -- Installing: /home/MAPR-project/ros2_ws/install/ur_bringup/share/ur_bringup/package.xml
[0.995s] Invoked command in '/home/MAPR-project/ros2_ws/build/ur_bringup' returned '0': AMENT_PREFIX_PATH=/home/MAPR-project/ros2_ws/install/ur_controllers:/home/MAPR-project/ros2_ws/install/ur_description:${AMENT_PREFIX_PATH} CMAKE_PREFIX_PATH=/home/MAPR-project/ros2_ws/install/ur_controllers:/home/MAPR-project/ros2_ws/install/ur_description:/home/MAPR-project/ros2_ws/install/ur_dashboard_msgs:/home/MAPR-project/ros2_ws/install/ur_moveit_config:/opt/ros/humble LD_LIBRARY_PATH=/home/MAPR-project/ros2_ws/install/ur_controllers/lib:${LD_LIBRARY_PATH} /usr/bin/cmake --install /home/MAPR-project/ros2_ws/build/ur_bringup
