-- The C compiler identification is GNU 11.3.0
-- The CXX compiler identification is GNU 11.3.0
-- Detecting C compiler ABI info
-- Detecting C compiler ABI info - done
-- Check for working C compiler: /usr/bin/cc - skipped
-- Detecting C compile features
-- Detecting C compile features - done
-- Detecting CXX compiler ABI info
-- Detecting CXX compiler ABI info - done
-- Check for working CXX compiler: /usr/bin/c++ - skipped
-- Detecting CXX compile features
-- Detecting CXX compile features - done
-- Found ament_cmake: 1.3.3 (/opt/ros/humble/share/ament_cmake/cmake)
-- Found Python3: /usr/bin/python3.10 (found version "3.10.6") found components: Interpreter 
-- Found controller_manager: 2.25.2 (/opt/ros/humble/share/controller_manager/cmake)
-- Found rosidl_generator_c: 3.1.4 (/opt/ros/humble/share/rosidl_generator_c/cmake)
-- Found rosidl_adapter: 3.1.4 (/opt/ros/humble/share/rosidl_adapter/cmake)
-- Found rosidl_generator_cpp: 3.1.4 (/opt/ros/humble/share/rosidl_generator_cpp/cmake)
-- Using all available rosidl_typesupport_c: rosidl_typesupport_fastrtps_c;rosidl_typesupport_introspection_c
-- Using all available rosidl_typesupport_cpp: rosidl_typesupport_fastrtps_cpp;rosidl_typesupport_introspection_cpp
-- Found rmw_implementation_cmake: 6.1.1 (/opt/ros/humble/share/rmw_implementation_cmake/cmake)
-- Found rmw_fastrtps_cpp: 6.2.2 (/opt/ros/humble/share/rmw_fastrtps_cpp/cmake)
-- Found OpenSSL: /usr/lib/x86_64-linux-gnu/libcrypto.so (found version "3.0.2")  
-- Found FastRTPS: /opt/ros/humble/include  
-- Using RMW implementation 'rmw_fastrtps_cpp' as default
-- Looking for pthread.h
-- Looking for pthread.h - found
-- Performing Test CMAKE_HAVE_LIBC_PTHREAD
-- Performing Test CMAKE_HAVE_LIBC_PTHREAD - Success
-- Found Threads: TRUE  
-- Found std_srvs: 4.2.3 (/opt/ros/humble/share/std_srvs/cmake)
-- Found tf2_geometry_msgs: 0.25.2 (/opt/ros/humble/share/tf2_geometry_msgs/cmake)
-- Found eigen3_cmake_module: 0.1.1 (/opt/ros/humble/share/eigen3_cmake_module/cmake)
-- Found Eigen3: TRUE (found version "3.4.0") 
-- Ensuring Eigen3 include directory is part of orocos-kdl CMake target
-- Found ur_dashboard_msgs: 2.2.6 (/home/MAPR-project/ros2_ws/install/ur_dashboard_msgs/share/ur_dashboard_msgs/cmake)
-- Found ur_controllers: 2.2.6 (/home/MAPR-project/ros2_ws/install/ur_controllers/share/ur_controllers/cmake)
-- Found parameter_traits: 0.3.3 (/opt/ros/humble/share/parameter_traits/cmake)
-- Found ur_description: 2.0.1 (/home/MAPR-project/ros2_ws/install/ur_description/share/ur_description/cmake)
-- Found launch_testing_ament_cmake: 1.0.4 (/opt/ros/humble/share/launch_testing_ament_cmake/cmake)
-- Found python_cmake_module: 0.10.0 (/opt/ros/humble/share/python_cmake_module/cmake)
-- Found PythonInterp: /usr/bin/python3 (found suitable version "3.10.6", minimum required is "3.6") 
-- Found PythonLibs: /usr/lib/x86_64-linux-gnu/libpython3.10.so (found suitable version "3.10.6", minimum required is "3.5") 
-- Using PYTHON_EXECUTABLE: /usr/bin/python3
-- Using PYTHON_INCLUDE_DIRS: /usr/include/python3.10
-- Using PYTHON_LIBRARIES: /usr/lib/x86_64-linux-gnu/libpython3.10.so
-- Found PythonExtra: .so  
-- Configuring done
-- Generating done
-- Build files have been written to: /home/MAPR-project/ros2_ws/build/ur_robot_driver
[ 15%] [32mBuilding CXX object CMakeFiles/ur_robot_driver_plugin.dir/src/dashboard_client_ros.cpp.o[0m
[ 15%] [32mBuilding CXX object CMakeFiles/ur_robot_driver_plugin.dir/src/hardware_interface.cpp.o[0m
[ 30%] [32mBuilding CXX object CMakeFiles/ur_robot_driver_plugin.dir/src/urcl_log_handler.cpp.o[0m
[ 23%] [32mBuilding CXX object CMakeFiles/ur_ros2_control_node.dir/src/ur_ros2_control_node.cpp.o[0m
[ 38%] [32mBuilding CXX object CMakeFiles/controller_stopper_node.dir/src/controller_stopper.cpp.o[0m
[ 46%] [32mBuilding CXX object CMakeFiles/controller_stopper_node.dir/src/controller_stopper_node.cpp.o[0m
[ 53%] [32mBuilding CXX object CMakeFiles/dashboard_client.dir/src/dashboard_client_ros.cpp.o[0m
[ 53%] Built target ament_cmake_python_copy_ur_robot_driver
[ 61%] [32mBuilding CXX object CMakeFiles/dashboard_client.dir/src/dashboard_client_node.cpp.o[0m
[ 69%] [32mBuilding CXX object CMakeFiles/dashboard_client.dir/src/urcl_log_handler.cpp.o[0m
running egg_info
creating ur_robot_driver.egg-info
writing ur_robot_driver.egg-info/PKG-INFO
writing dependency_links to ur_robot_driver.egg-info/dependency_links.txt
writing top-level names to ur_robot_driver.egg-info/top_level.txt
writing manifest file 'ur_robot_driver.egg-info/SOURCES.txt'
reading manifest file 'ur_robot_driver.egg-info/SOURCES.txt'
writing manifest file 'ur_robot_driver.egg-info/SOURCES.txt'
[ 69%] Built target ament_cmake_python_build_ur_robot_driver_egg
[ 76%] [32m[1mLinking CXX executable ur_ros2_control_node[0m
[ 76%] Built target ur_ros2_control_node
[ 84%] [32m[1mLinking CXX executable controller_stopper_node[0m
[ 84%] Built target controller_stopper_node
[ 92%] [32m[1mLinking CXX executable dashboard_client[0m
[100%] [32m[1mLinking CXX shared library libur_robot_driver_plugin.so[0m
[100%] Built target dashboard_client
[100%] Built target ur_robot_driver_plugin
-- Install configuration: "Release"
-- Installing: /home/MAPR-project/ros2_ws/install/ur_robot_driver/share/ur_robot_driver/hardware_interface_plugin.xml
-- Installing: /home/MAPR-project/ros2_ws/install/ur_robot_driver/lib/ur_robot_driver/dashboard_client
-- Set runtime path of "/home/MAPR-project/ros2_ws/install/ur_robot_driver/lib/ur_robot_driver/dashboard_client" to ""
-- Installing: /home/MAPR-project/ros2_ws/install/ur_robot_driver/lib/ur_robot_driver/ur_ros2_control_node
-- Set runtime path of "/home/MAPR-project/ros2_ws/install/ur_robot_driver/lib/ur_robot_driver/ur_ros2_control_node" to ""
-- Installing: /home/MAPR-project/ros2_ws/install/ur_robot_driver/lib/ur_robot_driver/controller_stopper_node
-- Set runtime path of "/home/MAPR-project/ros2_ws/install/ur_robot_driver/lib/ur_robot_driver/controller_stopper_node" to ""
-- Installing: /home/MAPR-project/ros2_ws/install/ur_robot_driver/lib/libur_robot_driver_plugin.so
-- Set runtime path of "/home/MAPR-project/ros2_ws/install/ur_robot_driver/lib/libur_robot_driver_plugin.so" to ""
-- Installing: /home/MAPR-project/ros2_ws/install/ur_robot_driver/include
-- Installing: /home/MAPR-project/ros2_ws/install/ur_robot_driver/include/ur_robot_driver
-- Installing: /home/MAPR-project/ros2_ws/install/ur_robot_driver/include/ur_robot_driver/hardware_interface.hpp
-- Installing: /home/MAPR-project/ros2_ws/install/ur_robot_driver/include/ur_robot_driver/urcl_log_handler.hpp
-- Installing: /home/MAPR-project/ros2_ws/install/ur_robot_driver/include/ur_robot_driver/dashboard_client_ros.hpp
-- Installing: /home/MAPR-project/ros2_ws/install/ur_robot_driver/include/ur_robot_driver/controller_stopper.hpp
-- Installing: /home/MAPR-project/ros2_ws/install/ur_robot_driver/share/ur_robot_driver/environment/library_path.sh
-- Installing: /home/MAPR-project/ros2_ws/install/ur_robot_driver/share/ur_robot_driver/environment/library_path.dsv
-- Installing: /home/MAPR-project/ros2_ws/install/ur_robot_driver/share/ur_robot_driver/resources
-- Installing: /home/MAPR-project/ros2_ws/install/ur_robot_driver/share/ur_robot_driver/resources/externalcontrol-1.0.5.urcap
-- Installing: /home/MAPR-project/ros2_ws/install/ur_robot_driver/share/ur_robot_driver/resources/ros_control.urscript
-- Installing: /home/MAPR-project/ros2_ws/install/ur_robot_driver/share/ur_robot_driver/resources/rs485-1.0.urcap
-- Installing: /home/MAPR-project/ros2_ws/install/ur_robot_driver/share/ur_robot_driver/resources/rtde_output_recipe.txt
-- Installing: /home/MAPR-project/ros2_ws/install/ur_robot_driver/share/ur_robot_driver/resources/rtde_input_recipe.txt
-- Up-to-date: /home/MAPR-project/ros2_ws/install/ur_robot_driver/include
-- Up-to-date: /home/MAPR-project/ros2_ws/install/ur_robot_driver/include/ur_robot_driver
-- Up-to-date: /home/MAPR-project/ros2_ws/install/ur_robot_driver/include/ur_robot_driver/hardware_interface.hpp
-- Up-to-date: /home/MAPR-project/ros2_ws/install/ur_robot_driver/include/ur_robot_driver/urcl_log_handler.hpp
-- Up-to-date: /home/MAPR-project/ros2_ws/install/ur_robot_driver/include/ur_robot_driver/dashboard_client_ros.hpp
-- Up-to-date: /home/MAPR-project/ros2_ws/install/ur_robot_driver/include/ur_robot_driver/controller_stopper.hpp
-- Installing: /home/MAPR-project/ros2_ws/install/ur_robot_driver/share/ur_robot_driver/environment/pythonpath.sh
-- Installing: /home/MAPR-project/ros2_ws/install/ur_robot_driver/share/ur_robot_driver/environment/pythonpath.dsv
-- Installing: /home/MAPR-project/ros2_ws/install/ur_robot_driver/local/lib/python3.10/dist-packages/ur_robot_driver-2.2.6-py3.10.egg-info
-- Installing: /home/MAPR-project/ros2_ws/install/ur_robot_driver/local/lib/python3.10/dist-packages/ur_robot_driver-2.2.6-py3.10.egg-info/PKG-INFO
-- Installing: /home/MAPR-project/ros2_ws/install/ur_robot_driver/local/lib/python3.10/dist-packages/ur_robot_driver-2.2.6-py3.10.egg-info/dependency_links.txt
-- Installing: /home/MAPR-project/ros2_ws/install/ur_robot_driver/local/lib/python3.10/dist-packages/ur_robot_driver-2.2.6-py3.10.egg-info/top_level.txt
-- Installing: /home/MAPR-project/ros2_ws/install/ur_robot_driver/local/lib/python3.10/dist-packages/ur_robot_driver-2.2.6-py3.10.egg-info/SOURCES.txt
-- Installing: /home/MAPR-project/ros2_ws/install/ur_robot_driver/local/lib/python3.10/dist-packages/ur_robot_driver
-- Installing: /home/MAPR-project/ros2_ws/install/ur_robot_driver/local/lib/python3.10/dist-packages/ur_robot_driver/__init__.py
Listing '/home/MAPR-project/ros2_ws/install/ur_robot_driver/local/lib/python3.10/dist-packages/ur_robot_driver'...
Compiling '/home/MAPR-project/ros2_ws/install/ur_robot_driver/local/lib/python3.10/dist-packages/ur_robot_driver/__init__.py'...
-- Installing: /home/MAPR-project/ros2_ws/install/ur_robot_driver/lib/ur_robot_driver/tool_communication.py
-- Installing: /home/MAPR-project/ros2_ws/install/ur_robot_driver/bin/wait_dashboard_server.sh
-- Installing: /home/MAPR-project/ros2_ws/install/ur_robot_driver/lib/ur_robot_driver/start_ursim.sh
-- Installing: /home/MAPR-project/ros2_ws/install/ur_robot_driver/share/ur_robot_driver/config
-- Installing: /home/MAPR-project/ros2_ws/install/ur_robot_driver/share/ur_robot_driver/config/test_goal_publishers_config.yaml
-- Installing: /home/MAPR-project/ros2_ws/install/ur_robot_driver/share/ur_robot_driver/config/ur5e_update_rate.yaml
-- Installing: /home/MAPR-project/ros2_ws/install/ur_robot_driver/share/ur_robot_driver/config/ur3_update_rate.yaml
-- Installing: /home/MAPR-project/ros2_ws/install/ur_robot_driver/share/ur_robot_driver/config/ur10e_update_rate.yaml
-- Installing: /home/MAPR-project/ros2_ws/install/ur_robot_driver/share/ur_robot_driver/config/ur5_update_rate.yaml
-- Installing: /home/MAPR-project/ros2_ws/install/ur_robot_driver/share/ur_robot_driver/config/ur10_update_rate.yaml
-- Installing: /home/MAPR-project/ros2_ws/install/ur_robot_driver/share/ur_robot_driver/config/test_velocity_goal_publishers_config.yaml
-- Installing: /home/MAPR-project/ros2_ws/install/ur_robot_driver/share/ur_robot_driver/config/ur16e_update_rate.yaml
-- Installing: /home/MAPR-project/ros2_ws/install/ur_robot_driver/share/ur_robot_driver/config/ur3e_update_rate.yaml
-- Installing: /home/MAPR-project/ros2_ws/install/ur_robot_driver/share/ur_robot_driver/config/ur_controllers.yaml
-- Installing: /home/MAPR-project/ros2_ws/install/ur_robot_driver/share/ur_robot_driver/launch
-- Installing: /home/MAPR-project/ros2_ws/install/ur_robot_driver/share/ur_robot_driver/launch/test_joint_trajectory_controller.launch.py
-- Installing: /home/MAPR-project/ros2_ws/install/ur_robot_driver/share/ur_robot_driver/launch/ur5e.launch.py
-- Installing: /home/MAPR-project/ros2_ws/install/ur_robot_driver/share/ur_robot_driver/launch/test_scaled_joint_trajectory_controller.launch.py
-- Installing: /home/MAPR-project/ros2_ws/install/ur_robot_driver/share/ur_robot_driver/launch/ur3e.launch.py
-- Installing: /home/MAPR-project/ros2_ws/install/ur_robot_driver/share/ur_robot_driver/launch/ur10e.launch.py
-- Installing: /home/MAPR-project/ros2_ws/install/ur_robot_driver/share/ur_robot_driver/launch/ur16e.launch.py
-- Installing: /home/MAPR-project/ros2_ws/install/ur_robot_driver/share/ur_robot_driver/launch/ur10.launch.py
-- Installing: /home/MAPR-project/ros2_ws/install/ur_robot_driver/share/ur_robot_driver/launch/ur5.launch.py
-- Installing: /home/MAPR-project/ros2_ws/install/ur_robot_driver/share/ur_robot_driver/launch/ur3.launch.py
-- Installing: /home/MAPR-project/ros2_ws/install/ur_robot_driver/share/ur_robot_driver/launch/ur_dashboard_client.launch.py
-- Installing: /home/MAPR-project/ros2_ws/install/ur_robot_driver/share/ur_robot_driver/launch/ur_control.launch.py
-- Installing: /home/MAPR-project/ros2_ws/install/ur_robot_driver/share/ur_robot_driver/launch/test_forward_velocity_controller.launch.py
-- Installing: /home/MAPR-project/ros2_ws/install/ur_robot_driver/share/ament_index/resource_index/package_run_dependencies/ur_robot_driver
-- Installing: /home/MAPR-project/ros2_ws/install/ur_robot_driver/share/ament_index/resource_index/parent_prefix_path/ur_robot_driver
-- Installing: /home/MAPR-project/ros2_ws/install/ur_robot_driver/share/ur_robot_driver/environment/ament_prefix_path.sh
-- Installing: /home/MAPR-project/ros2_ws/install/ur_robot_driver/share/ur_robot_driver/environment/ament_prefix_path.dsv
-- Installing: /home/MAPR-project/ros2_ws/install/ur_robot_driver/share/ur_robot_driver/environment/path.sh
-- Installing: /home/MAPR-project/ros2_ws/install/ur_robot_driver/share/ur_robot_driver/environment/path.dsv
-- Installing: /home/MAPR-project/ros2_ws/install/ur_robot_driver/share/ur_robot_driver/local_setup.bash
-- Installing: /home/MAPR-project/ros2_ws/install/ur_robot_driver/share/ur_robot_driver/local_setup.sh
-- Installing: /home/MAPR-project/ros2_ws/install/ur_robot_driver/share/ur_robot_driver/local_setup.zsh
-- Installing: /home/MAPR-project/ros2_ws/install/ur_robot_driver/share/ur_robot_driver/local_setup.dsv
-- Installing: /home/MAPR-project/ros2_ws/install/ur_robot_driver/share/ur_robot_driver/package.dsv
-- Installing: /home/MAPR-project/ros2_ws/install/ur_robot_driver/share/ament_index/resource_index/packages/ur_robot_driver
-- Installing: /home/MAPR-project/ros2_ws/install/ur_robot_driver/share/ament_index/resource_index/hardware_interface__pluginlib__plugin/ur_robot_driver
-- Installing: /home/MAPR-project/ros2_ws/install/ur_robot_driver/share/ur_robot_driver/cmake/ament_cmake_export_include_directories-extras.cmake
-- Installing: /home/MAPR-project/ros2_ws/install/ur_robot_driver/share/ur_robot_driver/cmake/ament_cmake_export_libraries-extras.cmake
-- Installing: /home/MAPR-project/ros2_ws/install/ur_robot_driver/share/ur_robot_driver/cmake/ament_cmake_export_dependencies-extras.cmake
-- Installing: /home/MAPR-project/ros2_ws/install/ur_robot_driver/share/ur_robot_driver/cmake/ur_robot_driverConfig.cmake
-- Installing: /home/MAPR-project/ros2_ws/install/ur_robot_driver/share/ur_robot_driver/cmake/ur_robot_driverConfig-version.cmake
-- Installing: /home/MAPR-project/ros2_ws/install/ur_robot_driver/share/ur_robot_driver/package.xml
