[0.025s] Invoking command in '/home/MAPR-project/ros2_ws/build/ur_robot_driver': AMENT_PREFIX_PATH=/home/MAPR-project/ros2_ws/install/ur_controllers:/home/MAPR-project/ros2_ws/install/ur_description:${AMENT_PREFIX_PATH} CMAKE_PREFIX_PATH=/home/MAPR-project/ros2_ws/install/ur_controllers:/home/MAPR-project/ros2_ws/install/ur_description:/home/MAPR-project/ros2_ws/install/ur_dashboard_msgs:/home/MAPR-project/ros2_ws/install/ur_moveit_config:/opt/ros/humble LD_LIBRARY_PATH=/home/MAPR-project/ros2_ws/install/ur_controllers/lib:${LD_LIBRARY_PATH} /usr/bin/cmake /home/MAPR-project/ros2_ws/src/Universal_Robots_ROS2_Driver/ur_robot_driver -DCMAKE_BUILD_TYPE=Release -DCMAKE_INSTALL_PREFIX=/home/MAPR-project/ros2_ws/install/ur_robot_driver
[0.113s] -- The C compiler identification is GNU 11.3.0
[0.186s] -- The CXX compiler identification is GNU 11.3.0
[0.194s] -- Detecting C compiler ABI info
[0.283s] -- Detecting C compiler ABI info - done
[0.291s] -- Check for working C compiler: /usr/bin/cc - skipped
[0.291s] -- Detecting C compile features
[0.292s] -- Detecting C compile features - done
[0.295s] -- Detecting CXX compiler ABI info
[0.397s] -- Detecting CXX compiler ABI info - done
[0.406s] -- Check for working CXX compiler: /usr/bin/c++ - skipped
[0.406s] -- Detecting CXX compile features
[0.407s] -- Detecting CXX compile features - done
[0.415s] -- Found ament_cmake: 1.3.3 (/opt/ros/humble/share/ament_cmake/cmake)
[0.652s] -- Found Python3: /usr/bin/python3.10 (found version "3.10.6") found components: Interpreter 
[0.790s] -- Found controller_manager: 2.25.2 (/opt/ros/humble/share/controller_manager/cmake)
[0.878s] -- Found rosidl_generator_c: 3.1.4 (/opt/ros/humble/share/rosidl_generator_c/cmake)
[0.891s] -- Found rosidl_adapter: 3.1.4 (/opt/ros/humble/share/rosidl_adapter/cmake)
[0.909s] -- Found rosidl_generator_cpp: 3.1.4 (/opt/ros/humble/share/rosidl_generator_cpp/cmake)
[0.939s] -- Using all available rosidl_typesupport_c: rosidl_typesupport_fastrtps_c;rosidl_typesupport_introspection_c
[0.969s] -- Using all available rosidl_typesupport_cpp: rosidl_typesupport_fastrtps_cpp;rosidl_typesupport_introspection_cpp
[1.874s] -- Found rmw_implementation_cmake: 6.1.1 (/opt/ros/humble/share/rmw_implementation_cmake/cmake)
[1.878s] -- Found rmw_fastrtps_cpp: 6.2.2 (/opt/ros/humble/share/rmw_fastrtps_cpp/cmake)
[2.000s] -- Found OpenSSL: /usr/lib/x86_64-linux-gnu/libcrypto.so (found version "3.0.2")  
[2.039s] -- Found FastRTPS: /opt/ros/humble/include  
[2.097s] -- Using RMW implementation 'rmw_fastrtps_cpp' as default
[2.111s] -- Looking for pthread.h
[2.193s] -- Looking for pthread.h - found
[2.193s] -- Performing Test CMAKE_HAVE_LIBC_PTHREAD
[2.277s] -- Performing Test CMAKE_HAVE_LIBC_PTHREAD - Success
[2.279s] -- Found Threads: TRUE  
[3.169s] -- Found std_srvs: 4.2.3 (/opt/ros/humble/share/std_srvs/cmake)
[3.191s] -- Found tf2_geometry_msgs: 0.25.2 (/opt/ros/humble/share/tf2_geometry_msgs/cmake)
[3.213s] -- Found eigen3_cmake_module: 0.1.1 (/opt/ros/humble/share/eigen3_cmake_module/cmake)
[3.215s] -- Found Eigen3: TRUE (found version "3.4.0") 
[3.215s] -- Ensuring Eigen3 include directory is part of orocos-kdl CMake target
[3.577s] -- Found ur_dashboard_msgs: 2.2.6 (/home/MAPR-project/ros2_ws/install/ur_dashboard_msgs/share/ur_dashboard_msgs/cmake)
[6.105s] -- Found ur_controllers: 2.2.6 (/home/MAPR-project/ros2_ws/install/ur_controllers/share/ur_controllers/cmake)
[6.428s] -- Found parameter_traits: 0.3.3 (/opt/ros/humble/share/parameter_traits/cmake)
[7.063s] -- Found ur_description: 2.0.1 (/home/MAPR-project/ros2_ws/install/ur_description/share/ur_description/cmake)
[7.070s] -- Found launch_testing_ament_cmake: 1.0.4 (/opt/ros/humble/share/launch_testing_ament_cmake/cmake)
[7.073s] -- Found python_cmake_module: 0.10.0 (/opt/ros/humble/share/python_cmake_module/cmake)
[7.095s] -- Found PythonInterp: /usr/bin/python3 (found suitable version "3.10.6", minimum required is "3.6") 
[7.100s] -- Found PythonLibs: /usr/lib/x86_64-linux-gnu/libpython3.10.so (found suitable version "3.10.6", minimum required is "3.5") 
[7.100s] -- Using PYTHON_EXECUTABLE: /usr/bin/python3
[7.100s] -- Using PYTHON_INCLUDE_DIRS: /usr/include/python3.10
[7.100s] -- Using PYTHON_LIBRARIES: /usr/lib/x86_64-linux-gnu/libpython3.10.so
[7.122s] -- Found PythonExtra: .so  
[7.124s] -- Configuring done
[7.301s] -- Generating done
[7.304s] -- Build files have been written to: /home/MAPR-project/ros2_ws/build/ur_robot_driver
[7.316s] Invoked command in '/home/MAPR-project/ros2_ws/build/ur_robot_driver' returned '0': AMENT_PREFIX_PATH=/home/MAPR-project/ros2_ws/install/ur_controllers:/home/MAPR-project/ros2_ws/install/ur_description:${AMENT_PREFIX_PATH} CMAKE_PREFIX_PATH=/home/MAPR-project/ros2_ws/install/ur_controllers:/home/MAPR-project/ros2_ws/install/ur_description:/home/MAPR-project/ros2_ws/install/ur_dashboard_msgs:/home/MAPR-project/ros2_ws/install/ur_moveit_config:/opt/ros/humble LD_LIBRARY_PATH=/home/MAPR-project/ros2_ws/install/ur_controllers/lib:${LD_LIBRARY_PATH} /usr/bin/cmake /home/MAPR-project/ros2_ws/src/Universal_Robots_ROS2_Driver/ur_robot_driver -DCMAKE_BUILD_TYPE=Release -DCMAKE_INSTALL_PREFIX=/home/MAPR-project/ros2_ws/install/ur_robot_driver
[7.317s] Invoking command in '/home/MAPR-project/ros2_ws/build/ur_robot_driver': AMENT_PREFIX_PATH=/home/MAPR-project/ros2_ws/install/ur_controllers:/home/MAPR-project/ros2_ws/install/ur_description:${AMENT_PREFIX_PATH} CMAKE_PREFIX_PATH=/home/MAPR-project/ros2_ws/install/ur_controllers:/home/MAPR-project/ros2_ws/install/ur_description:/home/MAPR-project/ros2_ws/install/ur_dashboard_msgs:/home/MAPR-project/ros2_ws/install/ur_moveit_config:/opt/ros/humble LD_LIBRARY_PATH=/home/MAPR-project/ros2_ws/install/ur_controllers/lib:${LD_LIBRARY_PATH} /usr/bin/cmake --build /home/MAPR-project/ros2_ws/build/ur_robot_driver -- -j8 -l8
[7.388s] [ 15%] [32mBuilding CXX object CMakeFiles/ur_robot_driver_plugin.dir/src/dashboard_client_ros.cpp.o[0m
[7.388s] [ 15%] [32mBuilding CXX object CMakeFiles/ur_robot_driver_plugin.dir/src/hardware_interface.cpp.o[0m
[7.389s] [ 30%] [32mBuilding CXX object CMakeFiles/ur_robot_driver_plugin.dir/src/urcl_log_handler.cpp.o[0m
[7.389s] [ 23%] [32mBuilding CXX object CMakeFiles/ur_ros2_control_node.dir/src/ur_ros2_control_node.cpp.o[0m
[7.390s] [ 38%] [32mBuilding CXX object CMakeFiles/controller_stopper_node.dir/src/controller_stopper.cpp.o[0m
[7.391s] [ 46%] [32mBuilding CXX object CMakeFiles/controller_stopper_node.dir/src/controller_stopper_node.cpp.o[0m
[7.393s] [ 53%] [32mBuilding CXX object CMakeFiles/dashboard_client.dir/src/dashboard_client_ros.cpp.o[0m
[7.403s] [ 53%] Built target ament_cmake_python_copy_ur_robot_driver
[7.418s] [ 61%] [32mBuilding CXX object CMakeFiles/dashboard_client.dir/src/dashboard_client_node.cpp.o[0m
[9.650s] [ 69%] [32mBuilding CXX object CMakeFiles/dashboard_client.dir/src/urcl_log_handler.cpp.o[0m
[13.014s] running egg_info
[13.014s] creating ur_robot_driver.egg-info
[13.015s] writing ur_robot_driver.egg-info/PKG-INFO
[13.015s] writing dependency_links to ur_robot_driver.egg-info/dependency_links.txt
[13.015s] writing top-level names to ur_robot_driver.egg-info/top_level.txt
[13.015s] writing manifest file 'ur_robot_driver.egg-info/SOURCES.txt'
[13.016s] reading manifest file 'ur_robot_driver.egg-info/SOURCES.txt'
[13.017s] writing manifest file 'ur_robot_driver.egg-info/SOURCES.txt'
[13.298s] [ 69%] Built target ament_cmake_python_build_ur_robot_driver_egg
[21.030s] [ 76%] [32m[1mLinking CXX executable ur_ros2_control_node[0m
[21.649s] [ 76%] Built target ur_ros2_control_node
[30.736s] [ 84%] [32m[1mLinking CXX executable controller_stopper_node[0m
[31.140s] [ 84%] Built target controller_stopper_node
[33.617s] [ 92%] [32m[1mLinking CXX executable dashboard_client[0m
[33.803s] [100%] [32m[1mLinking CXX shared library libur_robot_driver_plugin.so[0m
[33.965s] [100%] Built target dashboard_client
[34.152s] [100%] Built target ur_robot_driver_plugin
[34.166s] Invoked command in '/home/MAPR-project/ros2_ws/build/ur_robot_driver' returned '0': AMENT_PREFIX_PATH=/home/MAPR-project/ros2_ws/install/ur_controllers:/home/MAPR-project/ros2_ws/install/ur_description:${AMENT_PREFIX_PATH} CMAKE_PREFIX_PATH=/home/MAPR-project/ros2_ws/install/ur_controllers:/home/MAPR-project/ros2_ws/install/ur_description:/home/MAPR-project/ros2_ws/install/ur_dashboard_msgs:/home/MAPR-project/ros2_ws/install/ur_moveit_config:/opt/ros/humble LD_LIBRARY_PATH=/home/MAPR-project/ros2_ws/install/ur_controllers/lib:${LD_LIBRARY_PATH} /usr/bin/cmake --build /home/MAPR-project/ros2_ws/build/ur_robot_driver -- -j8 -l8
[34.216s] Invoking command in '/home/MAPR-project/ros2_ws/build/ur_robot_driver': AMENT_PREFIX_PATH=/home/MAPR-project/ros2_ws/install/ur_controllers:/home/MAPR-project/ros2_ws/install/ur_description:${AMENT_PREFIX_PATH} CMAKE_PREFIX_PATH=/home/MAPR-project/ros2_ws/install/ur_controllers:/home/MAPR-project/ros2_ws/install/ur_description:/home/MAPR-project/ros2_ws/install/ur_dashboard_msgs:/home/MAPR-project/ros2_ws/install/ur_moveit_config:/opt/ros/humble LD_LIBRARY_PATH=/home/MAPR-project/ros2_ws/install/ur_controllers/lib:${LD_LIBRARY_PATH} /usr/bin/cmake --install /home/MAPR-project/ros2_ws/build/ur_robot_driver
[34.226s] -- Install configuration: "Release"
[34.227s] -- Installing: /home/MAPR-project/ros2_ws/install/ur_robot_driver/share/ur_robot_driver/hardware_interface_plugin.xml
[34.227s] -- Installing: /home/MAPR-project/ros2_ws/install/ur_robot_driver/lib/ur_robot_driver/dashboard_client
[34.229s] -- Set runtime path of "/home/MAPR-project/ros2_ws/install/ur_robot_driver/lib/ur_robot_driver/dashboard_client" to ""
[34.229s] -- Installing: /home/MAPR-project/ros2_ws/install/ur_robot_driver/lib/ur_robot_driver/ur_ros2_control_node
[34.229s] -- Set runtime path of "/home/MAPR-project/ros2_ws/install/ur_robot_driver/lib/ur_robot_driver/ur_ros2_control_node" to ""
[34.230s] -- Installing: /home/MAPR-project/ros2_ws/install/ur_robot_driver/lib/ur_robot_driver/controller_stopper_node
[34.232s] -- Set runtime path of "/home/MAPR-project/ros2_ws/install/ur_robot_driver/lib/ur_robot_driver/controller_stopper_node" to ""
[34.232s] -- Installing: /home/MAPR-project/ros2_ws/install/ur_robot_driver/lib/libur_robot_driver_plugin.so
[34.235s] -- Set runtime path of "/home/MAPR-project/ros2_ws/install/ur_robot_driver/lib/libur_robot_driver_plugin.so" to ""
[34.235s] -- Installing: /home/MAPR-project/ros2_ws/install/ur_robot_driver/include
[34.235s] -- Installing: /home/MAPR-project/ros2_ws/install/ur_robot_driver/include/ur_robot_driver
[34.236s] -- Installing: /home/MAPR-project/ros2_ws/install/ur_robot_driver/include/ur_robot_driver/hardware_interface.hpp
[34.236s] -- Installing: /home/MAPR-project/ros2_ws/install/ur_robot_driver/include/ur_robot_driver/urcl_log_handler.hpp
[34.237s] -- Installing: /home/MAPR-project/ros2_ws/install/ur_robot_driver/include/ur_robot_driver/dashboard_client_ros.hpp
[34.237s] -- Installing: /home/MAPR-project/ros2_ws/install/ur_robot_driver/include/ur_robot_driver/controller_stopper.hpp
[34.238s] -- Installing: /home/MAPR-project/ros2_ws/install/ur_robot_driver/share/ur_robot_driver/environment/library_path.sh
[34.238s] -- Installing: /home/MAPR-project/ros2_ws/install/ur_robot_driver/share/ur_robot_driver/environment/library_path.dsv
[34.239s] -- Installing: /home/MAPR-project/ros2_ws/install/ur_robot_driver/share/ur_robot_driver/resources
[34.239s] -- Installing: /home/MAPR-project/ros2_ws/install/ur_robot_driver/share/ur_robot_driver/resources/externalcontrol-1.0.5.urcap
[34.239s] -- Installing: /home/MAPR-project/ros2_ws/install/ur_robot_driver/share/ur_robot_driver/resources/ros_control.urscript
[34.240s] -- Installing: /home/MAPR-project/ros2_ws/install/ur_robot_driver/share/ur_robot_driver/resources/rs485-1.0.urcap
[34.240s] -- Installing: /home/MAPR-project/ros2_ws/install/ur_robot_driver/share/ur_robot_driver/resources/rtde_output_recipe.txt
[34.240s] -- Installing: /home/MAPR-project/ros2_ws/install/ur_robot_driver/share/ur_robot_driver/resources/rtde_input_recipe.txt
[34.241s] -- Up-to-date: /home/MAPR-project/ros2_ws/install/ur_robot_driver/include
[34.241s] -- Up-to-date: /home/MAPR-project/ros2_ws/install/ur_robot_driver/include/ur_robot_driver
[34.241s] -- Up-to-date: /home/MAPR-project/ros2_ws/install/ur_robot_driver/include/ur_robot_driver/hardware_interface.hpp
[34.241s] -- Up-to-date: /home/MAPR-project/ros2_ws/install/ur_robot_driver/include/ur_robot_driver/urcl_log_handler.hpp
[34.241s] -- Up-to-date: /home/MAPR-project/ros2_ws/install/ur_robot_driver/include/ur_robot_driver/dashboard_client_ros.hpp
[34.241s] -- Up-to-date: /home/MAPR-project/ros2_ws/install/ur_robot_driver/include/ur_robot_driver/controller_stopper.hpp
[34.241s] -- Installing: /home/MAPR-project/ros2_ws/install/ur_robot_driver/share/ur_robot_driver/environment/pythonpath.sh
[34.241s] -- Installing: /home/MAPR-project/ros2_ws/install/ur_robot_driver/share/ur_robot_driver/environment/pythonpath.dsv
[34.242s] -- Installing: /home/MAPR-project/ros2_ws/install/ur_robot_driver/local/lib/python3.10/dist-packages/ur_robot_driver-2.2.6-py3.10.egg-info
[34.242s] -- Installing: /home/MAPR-project/ros2_ws/install/ur_robot_driver/local/lib/python3.10/dist-packages/ur_robot_driver-2.2.6-py3.10.egg-info/PKG-INFO
[34.242s] -- Installing: /home/MAPR-project/ros2_ws/install/ur_robot_driver/local/lib/python3.10/dist-packages/ur_robot_driver-2.2.6-py3.10.egg-info/dependency_links.txt
[34.242s] -- Installing: /home/MAPR-project/ros2_ws/install/ur_robot_driver/local/lib/python3.10/dist-packages/ur_robot_driver-2.2.6-py3.10.egg-info/top_level.txt
[34.242s] -- Installing: /home/MAPR-project/ros2_ws/install/ur_robot_driver/local/lib/python3.10/dist-packages/ur_robot_driver-2.2.6-py3.10.egg-info/SOURCES.txt
[34.243s] -- Installing: /home/MAPR-project/ros2_ws/install/ur_robot_driver/local/lib/python3.10/dist-packages/ur_robot_driver
[34.243s] -- Installing: /home/MAPR-project/ros2_ws/install/ur_robot_driver/local/lib/python3.10/dist-packages/ur_robot_driver/__init__.py
[34.309s] Listing '/home/MAPR-project/ros2_ws/install/ur_robot_driver/local/lib/python3.10/dist-packages/ur_robot_driver'...
[34.309s] Compiling '/home/MAPR-project/ros2_ws/install/ur_robot_driver/local/lib/python3.10/dist-packages/ur_robot_driver/__init__.py'...
[34.314s] -- Installing: /home/MAPR-project/ros2_ws/install/ur_robot_driver/lib/ur_robot_driver/tool_communication.py
[34.314s] -- Installing: /home/MAPR-project/ros2_ws/install/ur_robot_driver/bin/wait_dashboard_server.sh
[34.314s] -- Installing: /home/MAPR-project/ros2_ws/install/ur_robot_driver/lib/ur_robot_driver/start_ursim.sh
[34.315s] -- Installing: /home/MAPR-project/ros2_ws/install/ur_robot_driver/share/ur_robot_driver/config
[34.315s] -- Installing: /home/MAPR-project/ros2_ws/install/ur_robot_driver/share/ur_robot_driver/config/test_goal_publishers_config.yaml
[34.315s] -- Installing: /home/MAPR-project/ros2_ws/install/ur_robot_driver/share/ur_robot_driver/config/ur5e_update_rate.yaml
[34.315s] -- Installing: /home/MAPR-project/ros2_ws/install/ur_robot_driver/share/ur_robot_driver/config/ur3_update_rate.yaml
[34.316s] -- Installing: /home/MAPR-project/ros2_ws/install/ur_robot_driver/share/ur_robot_driver/config/ur10e_update_rate.yaml
[34.316s] -- Installing: /home/MAPR-project/ros2_ws/install/ur_robot_driver/share/ur_robot_driver/config/ur5_update_rate.yaml
[34.316s] -- Installing: /home/MAPR-project/ros2_ws/install/ur_robot_driver/share/ur_robot_driver/config/ur10_update_rate.yaml
[34.316s] -- Installing: /home/MAPR-project/ros2_ws/install/ur_robot_driver/share/ur_robot_driver/config/test_velocity_goal_publishers_config.yaml
[34.317s] -- Installing: /home/MAPR-project/ros2_ws/install/ur_robot_driver/share/ur_robot_driver/config/ur16e_update_rate.yaml
[34.317s] -- Installing: /home/MAPR-project/ros2_ws/install/ur_robot_driver/share/ur_robot_driver/config/ur3e_update_rate.yaml
[34.317s] -- Installing: /home/MAPR-project/ros2_ws/install/ur_robot_driver/share/ur_robot_driver/config/ur_controllers.yaml
[34.317s] -- Installing: /home/MAPR-project/ros2_ws/install/ur_robot_driver/share/ur_robot_driver/launch
[34.317s] -- Installing: /home/MAPR-project/ros2_ws/install/ur_robot_driver/share/ur_robot_driver/launch/test_joint_trajectory_controller.launch.py
[34.318s] -- Installing: /home/MAPR-project/ros2_ws/install/ur_robot_driver/share/ur_robot_driver/launch/ur5e.launch.py
[34.318s] -- Installing: /home/MAPR-project/ros2_ws/install/ur_robot_driver/share/ur_robot_driver/launch/test_scaled_joint_trajectory_controller.launch.py
[34.318s] -- Installing: /home/MAPR-project/ros2_ws/install/ur_robot_driver/share/ur_robot_driver/launch/ur3e.launch.py
[34.318s] -- Installing: /home/MAPR-project/ros2_ws/install/ur_robot_driver/share/ur_robot_driver/launch/ur10e.launch.py
[34.319s] -- Installing: /home/MAPR-project/ros2_ws/install/ur_robot_driver/share/ur_robot_driver/launch/ur16e.launch.py
[34.319s] -- Installing: /home/MAPR-project/ros2_ws/install/ur_robot_driver/share/ur_robot_driver/launch/ur10.launch.py
[34.319s] -- Installing: /home/MAPR-project/ros2_ws/install/ur_robot_driver/share/ur_robot_driver/launch/ur5.launch.py
[34.319s] -- Installing: /home/MAPR-project/ros2_ws/install/ur_robot_driver/share/ur_robot_driver/launch/ur3.launch.py
[34.320s] -- Installing: /home/MAPR-project/ros2_ws/install/ur_robot_driver/share/ur_robot_driver/launch/ur_dashboard_client.launch.py
[34.320s] -- Installing: /home/MAPR-project/ros2_ws/install/ur_robot_driver/share/ur_robot_driver/launch/ur_control.launch.py
[34.320s] -- Installing: /home/MAPR-project/ros2_ws/install/ur_robot_driver/share/ur_robot_driver/launch/test_forward_velocity_controller.launch.py
[34.321s] -- Installing: /home/MAPR-project/ros2_ws/install/ur_robot_driver/share/ament_index/resource_index/package_run_dependencies/ur_robot_driver
[34.321s] -- Installing: /home/MAPR-project/ros2_ws/install/ur_robot_driver/share/ament_index/resource_index/parent_prefix_path/ur_robot_driver
[34.325s] -- Installing: /home/MAPR-project/ros2_ws/install/ur_robot_driver/share/ur_robot_driver/environment/ament_prefix_path.sh
[34.325s] -- Installing: /home/MAPR-project/ros2_ws/install/ur_robot_driver/share/ur_robot_driver/environment/ament_prefix_path.dsv
[34.326s] -- Installing: /home/MAPR-project/ros2_ws/install/ur_robot_driver/share/ur_robot_driver/environment/path.sh
[34.329s] -- Installing: /home/MAPR-project/ros2_ws/install/ur_robot_driver/share/ur_robot_driver/environment/path.dsv
[34.329s] -- Installing: /home/MAPR-project/ros2_ws/install/ur_robot_driver/share/ur_robot_driver/local_setup.bash
[34.329s] -- Installing: /home/MAPR-project/ros2_ws/install/ur_robot_driver/share/ur_robot_driver/local_setup.sh
[34.330s] -- Installing: /home/MAPR-project/ros2_ws/install/ur_robot_driver/share/ur_robot_driver/local_setup.zsh
[34.330s] -- Installing: /home/MAPR-project/ros2_ws/install/ur_robot_driver/share/ur_robot_driver/local_setup.dsv
[34.330s] -- Installing: /home/MAPR-project/ros2_ws/install/ur_robot_driver/share/ur_robot_driver/package.dsv
[34.330s] -- Installing: /home/MAPR-project/ros2_ws/install/ur_robot_driver/share/ament_index/resource_index/packages/ur_robot_driver
[34.330s] -- Installing: /home/MAPR-project/ros2_ws/install/ur_robot_driver/share/ament_index/resource_index/hardware_interface__pluginlib__plugin/ur_robot_driver
[34.330s] -- Installing: /home/MAPR-project/ros2_ws/install/ur_robot_driver/share/ur_robot_driver/cmake/ament_cmake_export_include_directories-extras.cmake
[34.330s] -- Installing: /home/MAPR-project/ros2_ws/install/ur_robot_driver/share/ur_robot_driver/cmake/ament_cmake_export_libraries-extras.cmake
[34.330s] -- Installing: /home/MAPR-project/ros2_ws/install/ur_robot_driver/share/ur_robot_driver/cmake/ament_cmake_export_dependencies-extras.cmake
[34.331s] -- Installing: /home/MAPR-project/ros2_ws/install/ur_robot_driver/share/ur_robot_driver/cmake/ur_robot_driverConfig.cmake
[34.331s] -- Installing: /home/MAPR-project/ros2_ws/install/ur_robot_driver/share/ur_robot_driver/cmake/ur_robot_driverConfig-version.cmake
[34.331s] -- Installing: /home/MAPR-project/ros2_ws/install/ur_robot_driver/share/ur_robot_driver/package.xml
[34.334s] Invoked command in '/home/MAPR-project/ros2_ws/build/ur_robot_driver' returned '0': AMENT_PREFIX_PATH=/home/MAPR-project/ros2_ws/install/ur_controllers:/home/MAPR-project/ros2_ws/install/ur_description:${AMENT_PREFIX_PATH} CMAKE_PREFIX_PATH=/home/MAPR-project/ros2_ws/install/ur_controllers:/home/MAPR-project/ros2_ws/install/ur_description:/home/MAPR-project/ros2_ws/install/ur_dashboard_msgs:/home/MAPR-project/ros2_ws/install/ur_moveit_config:/opt/ros/humble LD_LIBRARY_PATH=/home/MAPR-project/ros2_ws/install/ur_controllers/lib:${LD_LIBRARY_PATH} /usr/bin/cmake --install /home/MAPR-project/ros2_ws/build/ur_robot_driver
