[0.040s] Invoking command in '/home/MAPR-project/ros2_ws/build/ur_moveit_config': AMENT_PREFIX_PATH=/home/MAPR-project/ros2_ws/install/ur_description:${AMENT_PREFIX_PATH} CMAKE_PREFIX_PATH=/home/MAPR-project/ros2_ws/install/ur_description:/home/MAPR-project/ros2_ws/install/ur_moveit_config:/home/MAPR-project/ros2_ws/install/ur_dashboard_msgs:/opt/ros/humble /usr/bin/cmake /home/MAPR-project/ros2_ws/src/Universal_Robots_ROS2_Driver/ur_moveit_config -DCMAKE_BUILD_TYPE=Release -DCMAKE_INSTALL_PREFIX=/home/MAPR-project/ros2_ws/install/ur_moveit_config
[0.134s] -- The C compiler identification is GNU 11.3.0
[0.199s] -- The CXX compiler identification is GNU 11.3.0
[0.215s] -- Detecting C compiler ABI info
[0.307s] -- Detecting C compiler ABI info - done
[0.330s] -- Check for working C compiler: /usr/bin/cc - skipped
[0.330s] -- Detecting C compile features
[0.331s] -- Detecting C compile features - done
[0.338s] -- Detecting CXX compiler ABI info
[0.446s] -- Detecting CXX compiler ABI info - done
[0.455s] -- Check for working CXX compiler: /usr/bin/c++ - skipped
[0.455s] -- Detecting CXX compile features
[0.456s] -- Detecting CXX compile features - done
[0.460s] -- Found ament_cmake: 1.3.3 (/opt/ros/humble/share/ament_cmake/cmake)
[0.765s] -- Found Python3: /usr/bin/python3.10 (found version "3.10.6") found components: Interpreter 
[1.127s] -- Configuring done
[1.133s] -- Generating done
[1.134s] -- Build files have been written to: /home/MAPR-project/ros2_ws/build/ur_moveit_config
[1.139s] Invoked command in '/home/MAPR-project/ros2_ws/build/ur_moveit_config' returned '0': AMENT_PREFIX_PATH=/home/MAPR-project/ros2_ws/install/ur_description:${AMENT_PREFIX_PATH} CMAKE_PREFIX_PATH=/home/MAPR-project/ros2_ws/install/ur_description:/home/MAPR-project/ros2_ws/install/ur_moveit_config:/home/MAPR-project/ros2_ws/install/ur_dashboard_msgs:/opt/ros/humble /usr/bin/cmake /home/MAPR-project/ros2_ws/src/Universal_Robots_ROS2_Driver/ur_moveit_config -DCMAKE_BUILD_TYPE=Release -DCMAKE_INSTALL_PREFIX=/home/MAPR-project/ros2_ws/install/ur_moveit_config
[1.141s] Invoking command in '/home/MAPR-project/ros2_ws/build/ur_moveit_config': AMENT_PREFIX_PATH=/home/MAPR-project/ros2_ws/install/ur_description:${AMENT_PREFIX_PATH} CMAKE_PREFIX_PATH=/home/MAPR-project/ros2_ws/install/ur_description:/home/MAPR-project/ros2_ws/install/ur_moveit_config:/home/MAPR-project/ros2_ws/install/ur_dashboard_msgs:/opt/ros/humble /usr/bin/cmake --build /home/MAPR-project/ros2_ws/build/ur_moveit_config -- -j8 -l8
[1.207s] Built target ament_cmake_python_copy_ur_moveit_config
[1.535s] running egg_info
[1.536s] creating ur_moveit_config.egg-info
[1.536s] writing ur_moveit_config.egg-info/PKG-INFO
[1.536s] writing dependency_links to ur_moveit_config.egg-info/dependency_links.txt
[1.536s] writing top-level names to ur_moveit_config.egg-info/top_level.txt
[1.537s] writing manifest file 'ur_moveit_config.egg-info/SOURCES.txt'
[1.539s] reading manifest file 'ur_moveit_config.egg-info/SOURCES.txt'
[1.539s] writing manifest file 'ur_moveit_config.egg-info/SOURCES.txt'
[1.582s] Built target ament_cmake_python_build_ur_moveit_config_egg
[1.601s] Invoked command in '/home/MAPR-project/ros2_ws/build/ur_moveit_config' returned '0': AMENT_PREFIX_PATH=/home/MAPR-project/ros2_ws/install/ur_description:${AMENT_PREFIX_PATH} CMAKE_PREFIX_PATH=/home/MAPR-project/ros2_ws/install/ur_description:/home/MAPR-project/ros2_ws/install/ur_moveit_config:/home/MAPR-project/ros2_ws/install/ur_dashboard_msgs:/opt/ros/humble /usr/bin/cmake --build /home/MAPR-project/ros2_ws/build/ur_moveit_config -- -j8 -l8
[1.641s] Invoking command in '/home/MAPR-project/ros2_ws/build/ur_moveit_config': AMENT_PREFIX_PATH=/home/MAPR-project/ros2_ws/install/ur_description:${AMENT_PREFIX_PATH} CMAKE_PREFIX_PATH=/home/MAPR-project/ros2_ws/install/ur_description:/home/MAPR-project/ros2_ws/install/ur_moveit_config:/home/MAPR-project/ros2_ws/install/ur_dashboard_msgs:/opt/ros/humble /usr/bin/cmake --install /home/MAPR-project/ros2_ws/build/ur_moveit_config
[1.649s] -- Install configuration: "Release"
[1.650s] -- Installing: /home/MAPR-project/ros2_ws/install/ur_moveit_config/share/ur_moveit_config/config
[1.650s] -- Installing: /home/MAPR-project/ros2_ws/install/ur_moveit_config/share/ur_moveit_config/config/controllers.yaml
[1.650s] -- Installing: /home/MAPR-project/ros2_ws/install/ur_moveit_config/share/ur_moveit_config/config/ur_servo.yaml
[1.650s] -- Installing: /home/MAPR-project/ros2_ws/install/ur_moveit_config/share/ur_moveit_config/config/ompl_planning.yaml
[1.650s] -- Installing: /home/MAPR-project/ros2_ws/install/ur_moveit_config/share/ur_moveit_config/config/kinematics.yaml
[1.650s] -- Installing: /home/MAPR-project/ros2_ws/install/ur_moveit_config/share/ur_moveit_config/launch
[1.651s] -- Installing: /home/MAPR-project/ros2_ws/install/ur_moveit_config/share/ur_moveit_config/launch/ur_moveit.launch.py
[1.651s] -- Installing: /home/MAPR-project/ros2_ws/install/ur_moveit_config/share/ur_moveit_config/rviz
[1.651s] -- Installing: /home/MAPR-project/ros2_ws/install/ur_moveit_config/share/ur_moveit_config/rviz/view_robot.rviz
[1.651s] -- Installing: /home/MAPR-project/ros2_ws/install/ur_moveit_config/share/ur_moveit_config/srdf
[1.652s] -- Installing: /home/MAPR-project/ros2_ws/install/ur_moveit_config/share/ur_moveit_config/srdf/ur.srdf.xacro
[1.652s] -- Installing: /home/MAPR-project/ros2_ws/install/ur_moveit_config/share/ur_moveit_config/srdf/ur_macro.srdf.xacro
[1.652s] -- Installing: /home/MAPR-project/ros2_ws/install/ur_moveit_config/share/ur_moveit_config/environment/pythonpath.sh
[1.652s] -- Installing: /home/MAPR-project/ros2_ws/install/ur_moveit_config/share/ur_moveit_config/environment/pythonpath.dsv
[1.652s] -- Installing: /home/MAPR-project/ros2_ws/install/ur_moveit_config/local/lib/python3.10/dist-packages/ur_moveit_config-2.2.6-py3.10.egg-info
[1.653s] -- Installing: /home/MAPR-project/ros2_ws/install/ur_moveit_config/local/lib/python3.10/dist-packages/ur_moveit_config-2.2.6-py3.10.egg-info/PKG-INFO
[1.653s] -- Installing: /home/MAPR-project/ros2_ws/install/ur_moveit_config/local/lib/python3.10/dist-packages/ur_moveit_config-2.2.6-py3.10.egg-info/dependency_links.txt
[1.653s] -- Installing: /home/MAPR-project/ros2_ws/install/ur_moveit_config/local/lib/python3.10/dist-packages/ur_moveit_config-2.2.6-py3.10.egg-info/top_level.txt
[1.653s] -- Installing: /home/MAPR-project/ros2_ws/install/ur_moveit_config/local/lib/python3.10/dist-packages/ur_moveit_config-2.2.6-py3.10.egg-info/SOURCES.txt
[1.654s] -- Installing: /home/MAPR-project/ros2_ws/install/ur_moveit_config/local/lib/python3.10/dist-packages/ur_moveit_config
[1.654s] -- Installing: /home/MAPR-project/ros2_ws/install/ur_moveit_config/local/lib/python3.10/dist-packages/ur_moveit_config/launch_common.py
[1.654s] -- Installing: /home/MAPR-project/ros2_ws/install/ur_moveit_config/local/lib/python3.10/dist-packages/ur_moveit_config/__init__.py
[1.690s] Listing '/home/MAPR-project/ros2_ws/install/ur_moveit_config/local/lib/python3.10/dist-packages/ur_moveit_config'...
[1.691s] Compiling '/home/MAPR-project/ros2_ws/install/ur_moveit_config/local/lib/python3.10/dist-packages/ur_moveit_config/__init__.py'...
[1.691s] Compiling '/home/MAPR-project/ros2_ws/install/ur_moveit_config/local/lib/python3.10/dist-packages/ur_moveit_config/launch_common.py'...
[1.696s] -- Installing: /home/MAPR-project/ros2_ws/install/ur_moveit_config/local/lib/python3.10/dist-packages/launch_common.py
[1.742s] Compiling '/home/MAPR-project/ros2_ws/install/ur_moveit_config/local/lib/python3.10/dist-packages/launch_common.py'...
[1.747s] -- Installing: /home/MAPR-project/ros2_ws/install/ur_moveit_config/share/ament_index/resource_index/package_run_dependencies/ur_moveit_config
[1.747s] -- Installing: /home/MAPR-project/ros2_ws/install/ur_moveit_config/share/ament_index/resource_index/parent_prefix_path/ur_moveit_config
[1.748s] -- Installing: /home/MAPR-project/ros2_ws/install/ur_moveit_config/share/ur_moveit_config/environment/ament_prefix_path.sh
[1.748s] -- Installing: /home/MAPR-project/ros2_ws/install/ur_moveit_config/share/ur_moveit_config/environment/ament_prefix_path.dsv
[1.748s] -- Installing: /home/MAPR-project/ros2_ws/install/ur_moveit_config/share/ur_moveit_config/environment/path.sh
[1.748s] -- Installing: /home/MAPR-project/ros2_ws/install/ur_moveit_config/share/ur_moveit_config/environment/path.dsv
[1.749s] -- Installing: /home/MAPR-project/ros2_ws/install/ur_moveit_config/share/ur_moveit_config/local_setup.bash
[1.749s] -- Installing: /home/MAPR-project/ros2_ws/install/ur_moveit_config/share/ur_moveit_config/local_setup.sh
[1.749s] -- Installing: /home/MAPR-project/ros2_ws/install/ur_moveit_config/share/ur_moveit_config/local_setup.zsh
[1.750s] -- Installing: /home/MAPR-project/ros2_ws/install/ur_moveit_config/share/ur_moveit_config/local_setup.dsv
[1.750s] -- Installing: /home/MAPR-project/ros2_ws/install/ur_moveit_config/share/ur_moveit_config/package.dsv
[1.750s] -- Installing: /home/MAPR-project/ros2_ws/install/ur_moveit_config/share/ament_index/resource_index/packages/ur_moveit_config
[1.751s] -- Installing: /home/MAPR-project/ros2_ws/install/ur_moveit_config/share/ur_moveit_config/cmake/ur_moveit_configConfig.cmake
[1.751s] -- Installing: /home/MAPR-project/ros2_ws/install/ur_moveit_config/share/ur_moveit_config/cmake/ur_moveit_configConfig-version.cmake
[1.751s] -- Installing: /home/MAPR-project/ros2_ws/install/ur_moveit_config/share/ur_moveit_config/package.xml
[1.758s] Invoked command in '/home/MAPR-project/ros2_ws/build/ur_moveit_config' returned '0': AMENT_PREFIX_PATH=/home/MAPR-project/ros2_ws/install/ur_description:${AMENT_PREFIX_PATH} CMAKE_PREFIX_PATH=/home/MAPR-project/ros2_ws/install/ur_description:/home/MAPR-project/ros2_ws/install/ur_moveit_config:/home/MAPR-project/ros2_ws/install/ur_dashboard_msgs:/opt/ros/humble /usr/bin/cmake --install /home/MAPR-project/ros2_ws/build/ur_moveit_config
