[0.037s] Invoking command in '/home/MAPR-project/ros2_ws/build/ur_calibration': AMENT_PREFIX_PATH=/home/MAPR-project/ros2_ws/install/ur_robot_driver:/home/MAPR-project/ros2_ws/install/ur_controllers:/home/MAPR-project/ros2_ws/install/ur_description:${AMENT_PREFIX_PATH} CMAKE_PREFIX_PATH=/home/MAPR-project/ros2_ws/install/ur_robot_driver:/home/MAPR-project/ros2_ws/install/ur_controllers:/home/MAPR-project/ros2_ws/install/ur_description:/home/MAPR-project/ros2_ws/install/ur_dashboard_msgs:/home/MAPR-project/ros2_ws/install/ur_moveit_config:/opt/ros/humble LD_LIBRARY_PATH=/home/MAPR-project/ros2_ws/install/ur_robot_driver/lib:/home/MAPR-project/ros2_ws/install/ur_controllers/lib:${LD_LIBRARY_PATH} PATH=/home/MAPR-project/ros2_ws/install/ur_robot_driver/bin:${PATH} PYTHONPATH=/home/MAPR-project/ros2_ws/install/ur_robot_driver/local/lib/python3.10/dist-packages:${PYTHONPATH} /usr/bin/cmake /home/MAPR-project/ros2_ws/src/Universal_Robots_ROS2_Driver/ur_calibration -DCMAKE_BUILD_TYPE=Release -DCMAKE_INSTALL_PREFIX=/home/MAPR-project/ros2_ws/install/ur_calibration
[0.114s] -- The C compiler identification is GNU 11.3.0
[0.178s] -- The CXX compiler identification is GNU 11.3.0
[0.189s] -- Detecting C compiler ABI info
[0.269s] -- Detecting C compiler ABI info - done
[0.277s] -- Check for working C compiler: /usr/bin/cc - skipped
[0.280s] -- Detecting C compile features
[0.281s] -- Detecting C compile features - done
[0.285s] -- Detecting CXX compiler ABI info
[0.377s] -- Detecting CXX compiler ABI info - done
[0.385s] -- Check for working CXX compiler: /usr/bin/c++ - skipped
[0.385s] -- Detecting CXX compile features
[0.386s] -- Detecting CXX compile features - done
[0.410s] -- Found ament_cmake: 1.3.3 (/opt/ros/humble/share/ament_cmake/cmake)
[0.652s] -- Found Python3: /usr/bin/python3.10 (found version "3.10.6") found components: Interpreter 
[0.824s] -- Found rclcpp: 16.0.3 (/opt/ros/humble/share/rclcpp/cmake)
[0.934s] -- Found rosidl_generator_c: 3.1.4 (/opt/ros/humble/share/rosidl_generator_c/cmake)
[0.947s] -- Found rosidl_adapter: 3.1.4 (/opt/ros/humble/share/rosidl_adapter/cmake)
[0.966s] -- Found rosidl_generator_cpp: 3.1.4 (/opt/ros/humble/share/rosidl_generator_cpp/cmake)
[0.993s] -- Using all available rosidl_typesupport_c: rosidl_typesupport_fastrtps_c;rosidl_typesupport_introspection_c
[1.045s] -- Using all available rosidl_typesupport_cpp: rosidl_typesupport_fastrtps_cpp;rosidl_typesupport_introspection_cpp
[1.192s] -- Found rmw_implementation_cmake: 6.1.1 (/opt/ros/humble/share/rmw_implementation_cmake/cmake)
[1.198s] -- Found rmw_fastrtps_cpp: 6.2.2 (/opt/ros/humble/share/rmw_fastrtps_cpp/cmake)
[1.393s] -- Found OpenSSL: /usr/lib/x86_64-linux-gnu/libcrypto.so (found version "3.0.2")  
[1.448s] -- Found FastRTPS: /opt/ros/humble/include  
[1.543s] -- Using RMW implementation 'rmw_fastrtps_cpp' as default
[1.572s] -- Looking for pthread.h
[1.697s] -- Looking for pthread.h - found
[1.698s] -- Performing Test CMAKE_HAVE_LIBC_PTHREAD
[1.795s] -- Performing Test CMAKE_HAVE_LIBC_PTHREAD - Success
[1.796s] -- Found Threads: TRUE  
[2.046s] -- Found ur_robot_driver: 2.2.6 (/home/MAPR-project/ros2_ws/install/ur_robot_driver/share/ur_robot_driver/cmake)
[4.572s] -- Found eigen3_cmake_module: 0.1.1 (/opt/ros/humble/share/eigen3_cmake_module/cmake)
[4.573s] -- Found Eigen3: TRUE (found version "3.4.0") 
[4.573s] -- Ensuring Eigen3 include directory is part of orocos-kdl CMake target
[7.367s] -- Found ament_cmake_gmock: 1.3.3 (/opt/ros/humble/share/ament_cmake_gmock/cmake)
[7.371s] -- Found gmock sources under '/opt/ros/humble/src/gmock_vendor': C++ tests using 'Google Mock' will be built
[7.380s] -- Found ament_cmake_gtest: 1.3.3 (/opt/ros/humble/share/ament_cmake_gtest/cmake)
[7.382s] -- Found gtest sources under '/opt/ros/humble/src/gtest_vendor': C++ tests using 'Google Test' will be built
[7.470s] -- Configuring done
[7.639s] -- Generating done
[7.642s] -- Build files have been written to: /home/MAPR-project/ros2_ws/build/ur_calibration
[7.656s] Invoked command in '/home/MAPR-project/ros2_ws/build/ur_calibration' returned '0': AMENT_PREFIX_PATH=/home/MAPR-project/ros2_ws/install/ur_robot_driver:/home/MAPR-project/ros2_ws/install/ur_controllers:/home/MAPR-project/ros2_ws/install/ur_description:${AMENT_PREFIX_PATH} CMAKE_PREFIX_PATH=/home/MAPR-project/ros2_ws/install/ur_robot_driver:/home/MAPR-project/ros2_ws/install/ur_controllers:/home/MAPR-project/ros2_ws/install/ur_description:/home/MAPR-project/ros2_ws/install/ur_dashboard_msgs:/home/MAPR-project/ros2_ws/install/ur_moveit_config:/opt/ros/humble LD_LIBRARY_PATH=/home/MAPR-project/ros2_ws/install/ur_robot_driver/lib:/home/MAPR-project/ros2_ws/install/ur_controllers/lib:${LD_LIBRARY_PATH} PATH=/home/MAPR-project/ros2_ws/install/ur_robot_driver/bin:${PATH} PYTHONPATH=/home/MAPR-project/ros2_ws/install/ur_robot_driver/local/lib/python3.10/dist-packages:${PYTHONPATH} /usr/bin/cmake /home/MAPR-project/ros2_ws/src/Universal_Robots_ROS2_Driver/ur_calibration -DCMAKE_BUILD_TYPE=Release -DCMAKE_INSTALL_PREFIX=/home/MAPR-project/ros2_ws/install/ur_calibration
[7.657s] Invoking command in '/home/MAPR-project/ros2_ws/build/ur_calibration': AMENT_PREFIX_PATH=/home/MAPR-project/ros2_ws/install/ur_robot_driver:/home/MAPR-project/ros2_ws/install/ur_controllers:/home/MAPR-project/ros2_ws/install/ur_description:${AMENT_PREFIX_PATH} CMAKE_PREFIX_PATH=/home/MAPR-project/ros2_ws/install/ur_robot_driver:/home/MAPR-project/ros2_ws/install/ur_controllers:/home/MAPR-project/ros2_ws/install/ur_description:/home/MAPR-project/ros2_ws/install/ur_dashboard_msgs:/home/MAPR-project/ros2_ws/install/ur_moveit_config:/opt/ros/humble LD_LIBRARY_PATH=/home/MAPR-project/ros2_ws/install/ur_robot_driver/lib:/home/MAPR-project/ros2_ws/install/ur_controllers/lib:${LD_LIBRARY_PATH} PATH=/home/MAPR-project/ros2_ws/install/ur_robot_driver/bin:${PATH} PYTHONPATH=/home/MAPR-project/ros2_ws/install/ur_robot_driver/local/lib/python3.10/dist-packages:${PYTHONPATH} /usr/bin/cmake --build /home/MAPR-project/ros2_ws/build/ur_calibration -- -j8 -l8
[7.714s] [ 25%] [32mBuilding CXX object gmock/CMakeFiles/gmock_main.dir/src/gmock_main.cc.o[0m
[7.714s] [ 25%] [32mBuilding CXX object CMakeFiles/calibration.dir/src/calibration_consumer.cpp.o[0m
[7.714s] [ 25%] [32mBuilding CXX object gmock/CMakeFiles/gmock.dir/opt/ros/humble/src/gtest_vendor/src/gtest-all.cc.o[0m
[7.717s] [ 41%] [32mBuilding CXX object gmock/CMakeFiles/gmock.dir/src/gmock-all.cc.o[0m
[7.717s] [ 41%] [32mBuilding CXX object CMakeFiles/calibration.dir/src/calibration.cpp.o[0m
[10.437s] [ 50%] [32m[1mLinking CXX static library libgmock_main.a[0m
[10.511s] [ 50%] Built target gmock_main
[18.003s] [ 58%] [32m[1mLinking CXX static library libcalibration.a[0m
[18.049s] [ 58%] Built target calibration
[18.085s] [ 66%] [32mBuilding CXX object CMakeFiles/calibration_correction.dir/src/calibration_correction.cpp.o[0m
[18.856s] [ 75%] [32m[1mLinking CXX static library libgmock.a[0m
[18.915s] [ 75%] Built target gmock
[18.943s] [ 83%] [32mBuilding CXX object CMakeFiles/calibration_test.dir/test/calibration_test.cpp.o[0m
[24.792s] [ 91%] [32m[1mLinking CXX executable calibration_correction[0m
[25.097s] [ 91%] Built target calibration_correction
[25.408s] [100%] [32m[1mLinking CXX executable calibration_test[0m
[25.657s] [100%] Built target calibration_test
[25.669s] Invoked command in '/home/MAPR-project/ros2_ws/build/ur_calibration' returned '0': AMENT_PREFIX_PATH=/home/MAPR-project/ros2_ws/install/ur_robot_driver:/home/MAPR-project/ros2_ws/install/ur_controllers:/home/MAPR-project/ros2_ws/install/ur_description:${AMENT_PREFIX_PATH} CMAKE_PREFIX_PATH=/home/MAPR-project/ros2_ws/install/ur_robot_driver:/home/MAPR-project/ros2_ws/install/ur_controllers:/home/MAPR-project/ros2_ws/install/ur_description:/home/MAPR-project/ros2_ws/install/ur_dashboard_msgs:/home/MAPR-project/ros2_ws/install/ur_moveit_config:/opt/ros/humble LD_LIBRARY_PATH=/home/MAPR-project/ros2_ws/install/ur_robot_driver/lib:/home/MAPR-project/ros2_ws/install/ur_controllers/lib:${LD_LIBRARY_PATH} PATH=/home/MAPR-project/ros2_ws/install/ur_robot_driver/bin:${PATH} PYTHONPATH=/home/MAPR-project/ros2_ws/install/ur_robot_driver/local/lib/python3.10/dist-packages:${PYTHONPATH} /usr/bin/cmake --build /home/MAPR-project/ros2_ws/build/ur_calibration -- -j8 -l8
[25.714s] Invoking command in '/home/MAPR-project/ros2_ws/build/ur_calibration': AMENT_PREFIX_PATH=/home/MAPR-project/ros2_ws/install/ur_robot_driver:/home/MAPR-project/ros2_ws/install/ur_controllers:/home/MAPR-project/ros2_ws/install/ur_description:${AMENT_PREFIX_PATH} CMAKE_PREFIX_PATH=/home/MAPR-project/ros2_ws/install/ur_robot_driver:/home/MAPR-project/ros2_ws/install/ur_controllers:/home/MAPR-project/ros2_ws/install/ur_description:/home/MAPR-project/ros2_ws/install/ur_dashboard_msgs:/home/MAPR-project/ros2_ws/install/ur_moveit_config:/opt/ros/humble LD_LIBRARY_PATH=/home/MAPR-project/ros2_ws/install/ur_robot_driver/lib:/home/MAPR-project/ros2_ws/install/ur_controllers/lib:${LD_LIBRARY_PATH} PATH=/home/MAPR-project/ros2_ws/install/ur_robot_driver/bin:${PATH} PYTHONPATH=/home/MAPR-project/ros2_ws/install/ur_robot_driver/local/lib/python3.10/dist-packages:${PYTHONPATH} /usr/bin/cmake --install /home/MAPR-project/ros2_ws/build/ur_calibration
[25.722s] -- Install configuration: "Release"
[25.722s] -- Installing: /home/MAPR-project/ros2_ws/install/ur_calibration/lib/ur_calibration/calibration_correction
[25.723s] -- Set runtime path of "/home/MAPR-project/ros2_ws/install/ur_calibration/lib/ur_calibration/calibration_correction" to ""
[25.723s] -- Installing: /home/MAPR-project/ros2_ws/install/ur_calibration/include
[25.723s] -- Installing: /home/MAPR-project/ros2_ws/install/ur_calibration/include/ur_calibration
[25.724s] -- Installing: /home/MAPR-project/ros2_ws/install/ur_calibration/include/ur_calibration/calibration_consumer.hpp
[25.724s] -- Installing: /home/MAPR-project/ros2_ws/install/ur_calibration/include/ur_calibration/calibration.hpp
[25.724s] -- Installing: /home/MAPR-project/ros2_ws/install/ur_calibration/share/ur_calibration/launch
[25.724s] -- Installing: /home/MAPR-project/ros2_ws/install/ur_calibration/share/ur_calibration/launch/calibration_correction.launch.py
[25.724s] -- Installing: /home/MAPR-project/ros2_ws/install/ur_calibration/share/ament_index/resource_index/package_run_dependencies/ur_calibration
[25.724s] -- Installing: /home/MAPR-project/ros2_ws/install/ur_calibration/share/ament_index/resource_index/parent_prefix_path/ur_calibration
[25.725s] -- Installing: /home/MAPR-project/ros2_ws/install/ur_calibration/share/ur_calibration/environment/ament_prefix_path.sh
[25.725s] -- Installing: /home/MAPR-project/ros2_ws/install/ur_calibration/share/ur_calibration/environment/ament_prefix_path.dsv
[25.725s] -- Installing: /home/MAPR-project/ros2_ws/install/ur_calibration/share/ur_calibration/environment/path.sh
[25.725s] -- Installing: /home/MAPR-project/ros2_ws/install/ur_calibration/share/ur_calibration/environment/path.dsv
[25.725s] -- Installing: /home/MAPR-project/ros2_ws/install/ur_calibration/share/ur_calibration/local_setup.bash
[25.725s] -- Installing: /home/MAPR-project/ros2_ws/install/ur_calibration/share/ur_calibration/local_setup.sh
[25.725s] -- Installing: /home/MAPR-project/ros2_ws/install/ur_calibration/share/ur_calibration/local_setup.zsh
[25.726s] -- Installing: /home/MAPR-project/ros2_ws/install/ur_calibration/share/ur_calibration/local_setup.dsv
[25.726s] -- Installing: /home/MAPR-project/ros2_ws/install/ur_calibration/share/ur_calibration/package.dsv
[25.726s] -- Installing: /home/MAPR-project/ros2_ws/install/ur_calibration/share/ament_index/resource_index/packages/ur_calibration
[25.726s] -- Installing: /home/MAPR-project/ros2_ws/install/ur_calibration/share/ur_calibration/cmake/ament_cmake_export_include_directories-extras.cmake
[25.726s] -- Installing: /home/MAPR-project/ros2_ws/install/ur_calibration/share/ur_calibration/cmake/ament_cmake_export_dependencies-extras.cmake
[25.727s] -- Installing: /home/MAPR-project/ros2_ws/install/ur_calibration/share/ur_calibration/cmake/ur_calibrationConfig.cmake
[25.727s] -- Installing: /home/MAPR-project/ros2_ws/install/ur_calibration/share/ur_calibration/cmake/ur_calibrationConfig-version.cmake
[25.727s] -- Installing: /home/MAPR-project/ros2_ws/install/ur_calibration/share/ur_calibration/package.xml
[25.731s] Invoked command in '/home/MAPR-project/ros2_ws/build/ur_calibration' returned '0': AMENT_PREFIX_PATH=/home/MAPR-project/ros2_ws/install/ur_robot_driver:/home/MAPR-project/ros2_ws/install/ur_controllers:/home/MAPR-project/ros2_ws/install/ur_description:${AMENT_PREFIX_PATH} CMAKE_PREFIX_PATH=/home/MAPR-project/ros2_ws/install/ur_robot_driver:/home/MAPR-project/ros2_ws/install/ur_controllers:/home/MAPR-project/ros2_ws/install/ur_description:/home/MAPR-project/ros2_ws/install/ur_dashboard_msgs:/home/MAPR-project/ros2_ws/install/ur_moveit_config:/opt/ros/humble LD_LIBRARY_PATH=/home/MAPR-project/ros2_ws/install/ur_robot_driver/lib:/home/MAPR-project/ros2_ws/install/ur_controllers/lib:${LD_LIBRARY_PATH} PATH=/home/MAPR-project/ros2_ws/install/ur_robot_driver/bin:${PATH} PYTHONPATH=/home/MAPR-project/ros2_ws/install/ur_robot_driver/local/lib/python3.10/dist-packages:${PYTHONPATH} /usr/bin/cmake --install /home/MAPR-project/ros2_ws/build/ur_calibration
