[0.018s] Invoking command in '/home/MAPR-project/ros2_ws/build/ur_controllers': CMAKE_PREFIX_PATH=/home/MAPR-project/ros2_ws/install/ur_dashboard_msgs:/home/MAPR-project/ros2_ws/install/ur_moveit_config:/opt/ros/humble /usr/bin/cmake /home/MAPR-project/ros2_ws/src/Universal_Robots_ROS2_Driver/ur_controllers -DCMAKE_BUILD_TYPE=Release -DCMAKE_INSTALL_PREFIX=/home/MAPR-project/ros2_ws/install/ur_controllers
[0.094s] -- The C compiler identification is GNU 11.3.0
[0.155s] -- The CXX compiler identification is GNU 11.3.0
[0.162s] -- Detecting C compiler ABI info
[0.243s] -- Detecting C compiler ABI info - done
[0.251s] -- Check for working C compiler: /usr/bin/cc - skipped
[0.251s] -- Detecting C compile features
[0.252s] -- Detecting C compile features - done
[0.255s] -- Detecting CXX compiler ABI info
[0.347s] -- Detecting CXX compiler ABI info - done
[0.356s] -- Check for working CXX compiler: /usr/bin/c++ - skipped
[0.356s] -- Detecting CXX compile features
[0.356s] -- Detecting CXX compile features - done
[0.360s] -- Found ament_cmake: 1.3.3 (/opt/ros/humble/share/ament_cmake/cmake)
[0.561s] -- Found Python3: /usr/bin/python3.10 (found version "3.10.6") found components: Interpreter 
[0.679s] -- Found angles: 1.15.0 (/opt/ros/humble/share/angles/cmake)
[0.686s] -- Found controller_interface: 2.25.2 (/opt/ros/humble/share/controller_interface/cmake)
[0.746s] -- Found rosidl_generator_c: 3.1.4 (/opt/ros/humble/share/rosidl_generator_c/cmake)
[0.753s] -- Found rosidl_adapter: 3.1.4 (/opt/ros/humble/share/rosidl_adapter/cmake)
[0.770s] -- Found rosidl_generator_cpp: 3.1.4 (/opt/ros/humble/share/rosidl_generator_cpp/cmake)
[0.794s] -- Using all available rosidl_typesupport_c: rosidl_typesupport_fastrtps_c;rosidl_typesupport_introspection_c
[0.822s] -- Using all available rosidl_typesupport_cpp: rosidl_typesupport_fastrtps_cpp;rosidl_typesupport_introspection_cpp
[1.693s] -- Found rmw_implementation_cmake: 6.1.1 (/opt/ros/humble/share/rmw_implementation_cmake/cmake)
[1.698s] -- Found rmw_fastrtps_cpp: 6.2.2 (/opt/ros/humble/share/rmw_fastrtps_cpp/cmake)
[1.825s] -- Found OpenSSL: /usr/lib/x86_64-linux-gnu/libcrypto.so (found version "3.0.2")  
[1.856s] -- Found FastRTPS: /opt/ros/humble/include  
[1.925s] -- Using RMW implementation 'rmw_fastrtps_cpp' as default
[1.943s] -- Looking for pthread.h
[2.035s] -- Looking for pthread.h - found
[2.035s] -- Performing Test CMAKE_HAVE_LIBC_PTHREAD
[2.126s] -- Performing Test CMAKE_HAVE_LIBC_PTHREAD - Success
[2.127s] -- Found Threads: TRUE  
[2.545s] -- Found joint_trajectory_controller: 2.17.3 (/opt/ros/humble/share/joint_trajectory_controller/cmake)
[2.810s] -- Found parameter_traits: 0.3.3 (/opt/ros/humble/share/parameter_traits/cmake)
[3.109s] -- Found std_srvs: 4.2.3 (/opt/ros/humble/share/std_srvs/cmake)
[3.134s] -- Found ur_dashboard_msgs: 2.2.6 (/home/MAPR-project/ros2_ws/install/ur_dashboard_msgs/share/ur_dashboard_msgs/cmake)
[3.234s] -- Found ur_msgs: 2.0.0 (/opt/ros/humble/share/ur_msgs/cmake)
[3.508s] -- Configuring done
[3.568s] -- Generating done
[3.570s] -- Build files have been written to: /home/MAPR-project/ros2_ws/build/ur_controllers
[3.586s] Invoked command in '/home/MAPR-project/ros2_ws/build/ur_controllers' returned '0': CMAKE_PREFIX_PATH=/home/MAPR-project/ros2_ws/install/ur_dashboard_msgs:/home/MAPR-project/ros2_ws/install/ur_moveit_config:/opt/ros/humble /usr/bin/cmake /home/MAPR-project/ros2_ws/src/Universal_Robots_ROS2_Driver/ur_controllers -DCMAKE_BUILD_TYPE=Release -DCMAKE_INSTALL_PREFIX=/home/MAPR-project/ros2_ws/install/ur_controllers
[3.588s] Invoking command in '/home/MAPR-project/ros2_ws/build/ur_controllers': CMAKE_PREFIX_PATH=/home/MAPR-project/ros2_ws/install/ur_dashboard_msgs:/home/MAPR-project/ros2_ws/install/ur_moveit_config:/opt/ros/humble /usr/bin/cmake --build /home/MAPR-project/ros2_ws/build/ur_controllers -- -j8 -l8
[3.645s] [ 75%] [32mBuilding CXX object CMakeFiles/ur_controllers.dir/src/speed_scaling_state_broadcaster.cpp.o[0m
[3.645s] [ 75%] [32mBuilding CXX object CMakeFiles/ur_controllers.dir/src/gpio_controller.cpp.o[0m
[3.646s] [ 75%] [32mBuilding CXX object CMakeFiles/ur_controllers.dir/src/scaled_joint_trajectory_controller.cpp.o[0m
[17.702s] [100%] [32m[1mLinking CXX shared library libur_controllers.so[0m
[17.985s] [100%] Built target ur_controllers
[17.996s] Invoked command in '/home/MAPR-project/ros2_ws/build/ur_controllers' returned '0': CMAKE_PREFIX_PATH=/home/MAPR-project/ros2_ws/install/ur_dashboard_msgs:/home/MAPR-project/ros2_ws/install/ur_moveit_config:/opt/ros/humble /usr/bin/cmake --build /home/MAPR-project/ros2_ws/build/ur_controllers -- -j8 -l8
[18.034s] Invoking command in '/home/MAPR-project/ros2_ws/build/ur_controllers': CMAKE_PREFIX_PATH=/home/MAPR-project/ros2_ws/install/ur_dashboard_msgs:/home/MAPR-project/ros2_ws/install/ur_moveit_config:/opt/ros/humble /usr/bin/cmake --install /home/MAPR-project/ros2_ws/build/ur_controllers
[18.043s] -- Install configuration: "Release"
[18.043s] -- Installing: /home/MAPR-project/ros2_ws/install/ur_controllers/share/ur_controllers/controller_plugins.xml
[18.044s] -- Installing: /home/MAPR-project/ros2_ws/install/ur_controllers/lib/libur_controllers.so
[18.046s] -- Set runtime path of "/home/MAPR-project/ros2_ws/install/ur_controllers/lib/libur_controllers.so" to ""
[18.047s] -- Installing: /home/MAPR-project/ros2_ws/install/ur_controllers/include
[18.047s] -- Installing: /home/MAPR-project/ros2_ws/install/ur_controllers/include/ur_controllers
[18.047s] -- Installing: /home/MAPR-project/ros2_ws/install/ur_controllers/include/ur_controllers/speed_scaling_state_broadcaster.hpp
[18.047s] -- Installing: /home/MAPR-project/ros2_ws/install/ur_controllers/include/ur_controllers/scaled_joint_trajectory_controller.hpp
[18.047s] -- Installing: /home/MAPR-project/ros2_ws/install/ur_controllers/include/ur_controllers/gpio_controller.hpp
[18.047s] -- Up-to-date: /home/MAPR-project/ros2_ws/install/ur_controllers/share/ur_controllers/controller_plugins.xml
[18.047s] -- Installing: /home/MAPR-project/ros2_ws/install/ur_controllers/share/ur_controllers/environment/library_path.sh
[18.048s] -- Installing: /home/MAPR-project/ros2_ws/install/ur_controllers/share/ur_controllers/environment/library_path.dsv
[18.048s] -- Installing: /home/MAPR-project/ros2_ws/install/ur_controllers/share/ament_index/resource_index/package_run_dependencies/ur_controllers
[18.048s] -- Installing: /home/MAPR-project/ros2_ws/install/ur_controllers/share/ament_index/resource_index/parent_prefix_path/ur_controllers
[18.048s] -- Installing: /home/MAPR-project/ros2_ws/install/ur_controllers/share/ur_controllers/environment/ament_prefix_path.sh
[18.048s] -- Installing: /home/MAPR-project/ros2_ws/install/ur_controllers/share/ur_controllers/environment/ament_prefix_path.dsv
[18.049s] -- Installing: /home/MAPR-project/ros2_ws/install/ur_controllers/share/ur_controllers/environment/path.sh
[18.049s] -- Installing: /home/MAPR-project/ros2_ws/install/ur_controllers/share/ur_controllers/environment/path.dsv
[18.049s] -- Installing: /home/MAPR-project/ros2_ws/install/ur_controllers/share/ur_controllers/local_setup.bash
[18.049s] -- Installing: /home/MAPR-project/ros2_ws/install/ur_controllers/share/ur_controllers/local_setup.sh
[18.049s] -- Installing: /home/MAPR-project/ros2_ws/install/ur_controllers/share/ur_controllers/local_setup.zsh
[18.049s] -- Installing: /home/MAPR-project/ros2_ws/install/ur_controllers/share/ur_controllers/local_setup.dsv
[18.050s] -- Installing: /home/MAPR-project/ros2_ws/install/ur_controllers/share/ur_controllers/package.dsv
[18.050s] -- Installing: /home/MAPR-project/ros2_ws/install/ur_controllers/share/ament_index/resource_index/packages/ur_controllers
[18.050s] -- Installing: /home/MAPR-project/ros2_ws/install/ur_controllers/share/ament_index/resource_index/controller_interface__pluginlib__plugin/ur_controllers
[18.050s] -- Installing: /home/MAPR-project/ros2_ws/install/ur_controllers/share/ur_controllers/cmake/ament_cmake_export_dependencies-extras.cmake
[18.050s] -- Installing: /home/MAPR-project/ros2_ws/install/ur_controllers/share/ur_controllers/cmake/ament_cmake_export_include_directories-extras.cmake
[18.051s] -- Installing: /home/MAPR-project/ros2_ws/install/ur_controllers/share/ur_controllers/cmake/ament_cmake_export_libraries-extras.cmake
[18.051s] -- Installing: /home/MAPR-project/ros2_ws/install/ur_controllers/share/ur_controllers/cmake/ur_controllersConfig.cmake
[18.051s] -- Installing: /home/MAPR-project/ros2_ws/install/ur_controllers/share/ur_controllers/cmake/ur_controllersConfig-version.cmake
[18.051s] -- Installing: /home/MAPR-project/ros2_ws/install/ur_controllers/share/ur_controllers/package.xml
[18.056s] Invoked command in '/home/MAPR-project/ros2_ws/build/ur_controllers' returned '0': CMAKE_PREFIX_PATH=/home/MAPR-project/ros2_ws/install/ur_dashboard_msgs:/home/MAPR-project/ros2_ws/install/ur_moveit_config:/opt/ros/humble /usr/bin/cmake --install /home/MAPR-project/ros2_ws/build/ur_controllers
