[0.032s] Invoking command in '/home/MAPR-project/ros2_ws/build/ur': AMENT_PREFIX_PATH=/home/MAPR-project/ros2_ws/install/ur_calibration:/home/MAPR-project/ros2_ws/install/ur_robot_driver:/home/MAPR-project/ros2_ws/install/ur_controllers:/home/MAPR-project/ros2_ws/install/ur_description:${AMENT_PREFIX_PATH} CMAKE_PREFIX_PATH=/home/MAPR-project/ros2_ws/install/ur_calibration:/home/MAPR-project/ros2_ws/install/ur_robot_driver:/home/MAPR-project/ros2_ws/install/ur_moveit_config:/home/MAPR-project/ros2_ws/install/ur_controllers:/home/MAPR-project/ros2_ws/install/ur_description:/home/MAPR-project/ros2_ws/install/ur_dashboard_msgs:/opt/ros/humble LD_LIBRARY_PATH=/home/MAPR-project/ros2_ws/install/ur_robot_driver/lib:/home/MAPR-project/ros2_ws/install/ur_controllers/lib:${LD_LIBRARY_PATH} PATH=/home/MAPR-project/ros2_ws/install/ur_robot_driver/bin:${PATH} PYTHONPATH=/home/MAPR-project/ros2_ws/install/ur_robot_driver/local/lib/python3.10/dist-packages:${PYTHONPATH} /usr/bin/cmake /home/MAPR-project/ros2_ws/src/Universal_Robots_ROS2_Driver/ur -DCMAKE_BUILD_TYPE=Release -DCMAKE_INSTALL_PREFIX=/home/MAPR-project/ros2_ws/install/ur
[0.098s] -- The C compiler identification is GNU 11.3.0
[0.163s] -- The CXX compiler identification is GNU 11.3.0
[0.170s] -- Detecting C compiler ABI info
[0.250s] -- Detecting C compiler ABI info - done
[0.258s] -- Check for working C compiler: /usr/bin/cc - skipped
[0.258s] -- Detecting C compile features
[0.258s] -- Detecting C compile features - done
[0.261s] -- Detecting CXX compiler ABI info
[0.352s] -- Detecting CXX compiler ABI info - done
[0.360s] -- Check for working CXX compiler: /usr/bin/c++ - skipped
[0.360s] -- Detecting CXX compile features
[0.361s] -- Detecting CXX compile features - done
[0.365s] -- Found ament_cmake: 1.3.3 (/opt/ros/humble/share/ament_cmake/cmake)
[0.572s] -- Found Python3: /usr/bin/python3.10 (found version "3.10.6") found components: Interpreter 
[0.697s] -- Found ament_lint_auto: 0.12.5 (/opt/ros/humble/share/ament_lint_auto/cmake)
[0.813s] -- Added test 'lint_cmake' to check CMake code style
[0.815s] -- Added test 'xmllint' to check XML markup files
[0.817s] -- Configuring done
[0.822s] -- Generating done
[0.823s] -- Build files have been written to: /home/MAPR-project/ros2_ws/build/ur
[0.828s] Invoked command in '/home/MAPR-project/ros2_ws/build/ur' returned '0': AMENT_PREFIX_PATH=/home/MAPR-project/ros2_ws/install/ur_calibration:/home/MAPR-project/ros2_ws/install/ur_robot_driver:/home/MAPR-project/ros2_ws/install/ur_controllers:/home/MAPR-project/ros2_ws/install/ur_description:${AMENT_PREFIX_PATH} CMAKE_PREFIX_PATH=/home/MAPR-project/ros2_ws/install/ur_calibration:/home/MAPR-project/ros2_ws/install/ur_robot_driver:/home/MAPR-project/ros2_ws/install/ur_moveit_config:/home/MAPR-project/ros2_ws/install/ur_controllers:/home/MAPR-project/ros2_ws/install/ur_description:/home/MAPR-project/ros2_ws/install/ur_dashboard_msgs:/opt/ros/humble LD_LIBRARY_PATH=/home/MAPR-project/ros2_ws/install/ur_robot_driver/lib:/home/MAPR-project/ros2_ws/install/ur_controllers/lib:${LD_LIBRARY_PATH} PATH=/home/MAPR-project/ros2_ws/install/ur_robot_driver/bin:${PATH} PYTHONPATH=/home/MAPR-project/ros2_ws/install/ur_robot_driver/local/lib/python3.10/dist-packages:${PYTHONPATH} /usr/bin/cmake /home/MAPR-project/ros2_ws/src/Universal_Robots_ROS2_Driver/ur -DCMAKE_BUILD_TYPE=Release -DCMAKE_INSTALL_PREFIX=/home/MAPR-project/ros2_ws/install/ur
[0.829s] Invoking command in '/home/MAPR-project/ros2_ws/build/ur': AMENT_PREFIX_PATH=/home/MAPR-project/ros2_ws/install/ur_calibration:/home/MAPR-project/ros2_ws/install/ur_robot_driver:/home/MAPR-project/ros2_ws/install/ur_controllers:/home/MAPR-project/ros2_ws/install/ur_description:${AMENT_PREFIX_PATH} CMAKE_PREFIX_PATH=/home/MAPR-project/ros2_ws/install/ur_calibration:/home/MAPR-project/ros2_ws/install/ur_robot_driver:/home/MAPR-project/ros2_ws/install/ur_moveit_config:/home/MAPR-project/ros2_ws/install/ur_controllers:/home/MAPR-project/ros2_ws/install/ur_description:/home/MAPR-project/ros2_ws/install/ur_dashboard_msgs:/opt/ros/humble LD_LIBRARY_PATH=/home/MAPR-project/ros2_ws/install/ur_robot_driver/lib:/home/MAPR-project/ros2_ws/install/ur_controllers/lib:${LD_LIBRARY_PATH} PATH=/home/MAPR-project/ros2_ws/install/ur_robot_driver/bin:${PATH} PYTHONPATH=/home/MAPR-project/ros2_ws/install/ur_robot_driver/local/lib/python3.10/dist-packages:${PYTHONPATH} /usr/bin/cmake --build /home/MAPR-project/ros2_ws/build/ur -- -j8 -l8
[0.871s] Invoked command in '/home/MAPR-project/ros2_ws/build/ur' returned '0': AMENT_PREFIX_PATH=/home/MAPR-project/ros2_ws/install/ur_calibration:/home/MAPR-project/ros2_ws/install/ur_robot_driver:/home/MAPR-project/ros2_ws/install/ur_controllers:/home/MAPR-project/ros2_ws/install/ur_description:${AMENT_PREFIX_PATH} CMAKE_PREFIX_PATH=/home/MAPR-project/ros2_ws/install/ur_calibration:/home/MAPR-project/ros2_ws/install/ur_robot_driver:/home/MAPR-project/ros2_ws/install/ur_moveit_config:/home/MAPR-project/ros2_ws/install/ur_controllers:/home/MAPR-project/ros2_ws/install/ur_description:/home/MAPR-project/ros2_ws/install/ur_dashboard_msgs:/opt/ros/humble LD_LIBRARY_PATH=/home/MAPR-project/ros2_ws/install/ur_robot_driver/lib:/home/MAPR-project/ros2_ws/install/ur_controllers/lib:${LD_LIBRARY_PATH} PATH=/home/MAPR-project/ros2_ws/install/ur_robot_driver/bin:${PATH} PYTHONPATH=/home/MAPR-project/ros2_ws/install/ur_robot_driver/local/lib/python3.10/dist-packages:${PYTHONPATH} /usr/bin/cmake --build /home/MAPR-project/ros2_ws/build/ur -- -j8 -l8
[0.896s] Invoking command in '/home/MAPR-project/ros2_ws/build/ur': AMENT_PREFIX_PATH=/home/MAPR-project/ros2_ws/install/ur_calibration:/home/MAPR-project/ros2_ws/install/ur_robot_driver:/home/MAPR-project/ros2_ws/install/ur_controllers:/home/MAPR-project/ros2_ws/install/ur_description:${AMENT_PREFIX_PATH} CMAKE_PREFIX_PATH=/home/MAPR-project/ros2_ws/install/ur_calibration:/home/MAPR-project/ros2_ws/install/ur_robot_driver:/home/MAPR-project/ros2_ws/install/ur_moveit_config:/home/MAPR-project/ros2_ws/install/ur_controllers:/home/MAPR-project/ros2_ws/install/ur_description:/home/MAPR-project/ros2_ws/install/ur_dashboard_msgs:/opt/ros/humble LD_LIBRARY_PATH=/home/MAPR-project/ros2_ws/install/ur_robot_driver/lib:/home/MAPR-project/ros2_ws/install/ur_controllers/lib:${LD_LIBRARY_PATH} PATH=/home/MAPR-project/ros2_ws/install/ur_robot_driver/bin:${PATH} PYTHONPATH=/home/MAPR-project/ros2_ws/install/ur_robot_driver/local/lib/python3.10/dist-packages:${PYTHONPATH} /usr/bin/cmake --install /home/MAPR-project/ros2_ws/build/ur
[0.908s] -- Install configuration: "Release"
[0.908s] -- Installing: /home/MAPR-project/ros2_ws/install/ur/share/ament_index/resource_index/package_run_dependencies/ur
[0.908s] -- Installing: /home/MAPR-project/ros2_ws/install/ur/share/ament_index/resource_index/parent_prefix_path/ur
[0.909s] -- Installing: /home/MAPR-project/ros2_ws/install/ur/share/ur/environment/ament_prefix_path.sh
[0.909s] -- Installing: /home/MAPR-project/ros2_ws/install/ur/share/ur/environment/ament_prefix_path.dsv
[0.909s] -- Installing: /home/MAPR-project/ros2_ws/install/ur/share/ur/environment/path.sh
[0.909s] -- Installing: /home/MAPR-project/ros2_ws/install/ur/share/ur/environment/path.dsv
[0.909s] -- Installing: /home/MAPR-project/ros2_ws/install/ur/share/ur/local_setup.bash
[0.909s] -- Installing: /home/MAPR-project/ros2_ws/install/ur/share/ur/local_setup.sh
[0.910s] -- Installing: /home/MAPR-project/ros2_ws/install/ur/share/ur/local_setup.zsh
[0.911s] -- Installing: /home/MAPR-project/ros2_ws/install/ur/share/ur/local_setup.dsv
[0.911s] -- Installing: /home/MAPR-project/ros2_ws/install/ur/share/ur/package.dsv
[0.911s] -- Installing: /home/MAPR-project/ros2_ws/install/ur/share/ament_index/resource_index/packages/ur
[0.911s] -- Installing: /home/MAPR-project/ros2_ws/install/ur/share/ur/cmake/urConfig.cmake
[0.911s] -- Installing: /home/MAPR-project/ros2_ws/install/ur/share/ur/cmake/urConfig-version.cmake
[0.911s] -- Installing: /home/MAPR-project/ros2_ws/install/ur/share/ur/package.xml
[0.916s] Invoked command in '/home/MAPR-project/ros2_ws/build/ur' returned '0': AMENT_PREFIX_PATH=/home/MAPR-project/ros2_ws/install/ur_calibration:/home/MAPR-project/ros2_ws/install/ur_robot_driver:/home/MAPR-project/ros2_ws/install/ur_controllers:/home/MAPR-project/ros2_ws/install/ur_description:${AMENT_PREFIX_PATH} CMAKE_PREFIX_PATH=/home/MAPR-project/ros2_ws/install/ur_calibration:/home/MAPR-project/ros2_ws/install/ur_robot_driver:/home/MAPR-project/ros2_ws/install/ur_moveit_config:/home/MAPR-project/ros2_ws/install/ur_controllers:/home/MAPR-project/ros2_ws/install/ur_description:/home/MAPR-project/ros2_ws/install/ur_dashboard_msgs:/opt/ros/humble LD_LIBRARY_PATH=/home/MAPR-project/ros2_ws/install/ur_robot_driver/lib:/home/MAPR-project/ros2_ws/install/ur_controllers/lib:${LD_LIBRARY_PATH} PATH=/home/MAPR-project/ros2_ws/install/ur_robot_driver/bin:${PATH} PYTHONPATH=/home/MAPR-project/ros2_ws/install/ur_robot_driver/local/lib/python3.10/dist-packages:${PYTHONPATH} /usr/bin/cmake --install /home/MAPR-project/ros2_ws/build/ur
